#
# There is insufficient memory for the Java Runtime Environment to continue.
# Native memory allocation (mmap) failed to map 65536 bytes for Failed to commit area from 0x0000021283220000 to 0x0000021283230000 of length 65536.
# Possible reasons:
#   The system is out of physical RAM or swap space
#   The process is running with CompressedOops enabled, and the Java Heap may be blocking the growth of the native heap
# Possible solutions:
#   Reduce memory load on the system
#   Increase physical memory or swap space
#   Check if swap backing store is full
#   Decrease Java heap size (-Xmx/-Xms)
#   Decrease number of Java threads
#   Decrease Java thread stack sizes (-Xss)
#   Set larger code cache with -XX:ReservedCodeCacheSize=
#   JVM is running with Unscaled Compressed Oops mode in which the Java heap is
#     placed in the first 4GB address space. The Java Heap base address is the
#     maximum limit for the native heap growth. Please use -XX:HeapBaseMinAddress
#     to set the Java Heap base and to place the Java Heap above 4GB virtual address.
# This output file may be truncated or incomplete.
#
#  Out of Memory Error (./src/hotspot/os/windows/os_windows.cpp:3301), pid=6412, tid=13528
#
# JRE version: OpenJDK Runtime Environment (11.0.10) (build 11.0.10+0-b96-7249189)
# Java VM: OpenJDK 64-Bit Server VM (11.0.10+0-b96-7249189, mixed mode, tiered, compressed oops, g1 gc, windows-amd64)
# No core dump will be written. Minidumps are not enabled by default on client versions of Windows
#

---------------  S U M M A R Y ------------

Command Line: --add-opens=java.base/java.util=ALL-UNNAMED --add-opens=java.base/java.lang=ALL-UNNAMED --add-opens=java.base/java.lang.invoke=ALL-UNNAMED --add-opens=java.base/java.util=ALL-UNNAMED --add-opens=java.prefs/java.util.prefs=ALL-UNNAMED --add-opens=java.prefs/java.util.prefs=ALL-UNNAMED --add-opens=java.base/java.nio.charset=ALL-UNNAMED --add-opens=java.base/java.net=ALL-UNNAMED --add-opens=java.base/java.util.concurrent.atomic=ALL-UNNAMED -Xmx2048m -Dfile.encoding=UTF-8 -Duser.country=US -Duser.language=en -Duser.variant org.gradle.launcher.daemon.bootstrap.GradleDaemon 7.0.2

Host: Intel(R) Core(TM) i7-4500U CPU @ 1.80GHz, 4 cores, 5G,  Windows 10 , 64 bit Build 19041 (10.0.19041.1151)
Time: Sat Aug 21 12:24:28 2021 Iran Daylight Time elapsed time: 3692.696027 seconds (0d 1h 1m 32s)

---------------  T H R E A D  ---------------

Current thread (0x00000212870bf000):  VMThread "VM Thread" [stack: 0x000000b973900000,0x000000b973a00000] [id=13528]

Stack: [0x000000b973900000,0x000000b973a00000]
[error occurred during error reporting (printing stack bounds), id 0xc0000005, EXCEPTION_ACCESS_VIOLATION (0xc0000005) at pc=0x00000212f0f20f2d]

Native frames: (J=compiled Java code, j=interpreted, Vv=VM code, C=native code)
V  [jvm.dll+0x5ecfaa]
V  [jvm.dll+0x722bd5]
V  [jvm.dll+0x72412d]
V  [jvm.dll+0x724745]
V  [jvm.dll+0x7246fb]
V  [jvm.dll+0x5ec348]
V  [jvm.dll+0x5ecad8]
C  [ntdll.dll+0xa217f]
C  [ntdll.dll+0x51454]
C  [ntdll.dll+0xa0cae]
C  0x00000212f0f20f2d

VM_Operation (0x000000b9768fcd10): G1CollectForAllocation, mode: safepoint, requested by thread 0x000002128e4ae000


---------------  P R O C E S S  ---------------

Threads class SMR info:
_java_thread_list=0x00000212907c2610, length=72, elements={
0x00000212ed42a000, 0x00000212870c3000, 0x00000212870c7000, 0x00000212870e2000,
0x00000212870e2800, 0x00000212870e5000, 0x00000212870e7800, 0x00000212870f0800,
0x00000212870f6800, 0x0000021287bc6800, 0x00000212894c7800, 0x000002128afb7800,
0x0000021288b9d800, 0x0000021289d69800, 0x0000021289d6a800, 0x0000021289d6c000,
0x0000021289d67000, 0x0000021289d6d800, 0x000002128a0e8800, 0x000002128a0e6800,
0x000002128a0eb800, 0x000002128a0e9000, 0x000002128a0e6000, 0x000002128a0f2000,
0x000002128a0ec800, 0x000002128a0ee000, 0x0000021290956800, 0x000002128e4af800,
0x000002128e4ad000, 0x000002128e4b0800, 0x000002128e4b3000, 0x000002128a0ed000,
0x000002129094d800, 0x000002129034f800, 0x000002129094f000, 0x0000021290954800,
0x000002129094e000, 0x0000021290952800, 0x0000021290955800, 0x0000021290950000,
0x0000021290959800, 0x0000021290958000, 0x000002129095a800, 0x0000021290344000,
0x0000021290349000, 0x0000021290345000, 0x0000021290348000, 0x0000021290347800,
0x000002129034a800, 0x0000021290346000, 0x000002129034a000, 0x000002129034e800,
0x000002129034b800, 0x000002129034e000, 0x0000021290350800, 0x0000021290351000,
0x0000021290352000, 0x000002129034c800, 0x0000021290353000, 0x000002128e4ac800,
0x000002128e4b3800, 0x000002128e4ae000, 0x000002128e4ae800, 0x000002128e4b9800,
0x000002128e4b7000, 0x000002128e4b7800, 0x000002128e4ba000, 0x000002128a0eb000,
0x000002128a0f4000, 0x000002128a0e7800, 0x000002128a0ef000, 0x000002128a0f1800
}

Java Threads: ( => current thread )
  0x00000212ed42a000 JavaThread "main" [_thread_blocked, id=9044, stack(0x000000b973300000,0x000000b973400000)]
  0x00000212870c3000 JavaThread "Reference Handler" daemon [_thread_blocked, id=6272, stack(0x000000b973a00000,0x000000b973b00000)]
  0x00000212870c7000 JavaThread "Finalizer" daemon [_thread_blocked, id=4916, stack(0x000000b973b00000,0x000000b973c00000)]
  0x00000212870e2000 JavaThread "Signal Dispatcher" daemon [_thread_blocked, id=3756, stack(0x000000b973c00000,0x000000b973d00000)]
  0x00000212870e2800 JavaThread "Attach Listener" daemon [_thread_blocked, id=1516, stack(0x000000b973d00000,0x000000b973e00000)]
  0x00000212870e5000 JavaThread "Service Thread" daemon [_thread_blocked, id=7844, stack(0x000000b973e00000,0x000000b973f00000)]
  0x00000212870e7800 JavaThread "C2 CompilerThread0" daemon [_thread_in_native, id=8688, stack(0x000000b973f00000,0x000000b974000000)]
  0x00000212870f0800 JavaThread "C1 CompilerThread0" daemon [_thread_blocked, id=11688, stack(0x000000b974000000,0x000000b974100000)]
  0x00000212870f6800 JavaThread "Sweeper thread" daemon [_thread_blocked, id=9776, stack(0x000000b974100000,0x000000b974200000)]
  0x0000021287bc6800 JavaThread "Common-Cleaner" daemon [_thread_blocked, id=9732, stack(0x000000b974200000,0x000000b974300000)]
  0x00000212894c7800 JavaThread "Daemon health stats" [_thread_blocked, id=13176, stack(0x000000b974600000,0x000000b974700000)]
  0x000002128afb7800 JavaThread "Incoming local TCP Connector on port 13048" [_thread_in_native, id=11764, stack(0x000000b974400000,0x000000b974500000)]
  0x0000021288b9d800 JavaThread "Daemon periodic checks" [_thread_blocked, id=11460, stack(0x000000b974700000,0x000000b974800000)]
  0x0000021289d69800 JavaThread "Cache worker for file hash cache (C:\Users\admin\.gradle\caches\7.0.2\fileHashes)" [_thread_blocked, id=6512, stack(0x000000b975100000,0x000000b975200000)]
  0x0000021289d6a800 JavaThread "File lock request listener" [_thread_in_native, id=4588, stack(0x000000b975200000,0x000000b975300000)]
  0x0000021289d6c000 JavaThread "Cache worker for journal cache (C:\Users\admin\.gradle\caches\journal-1)" [_thread_blocked, id=4384, stack(0x000000b975300000,0x000000b975400000)]
  0x0000021289d67000 JavaThread "File watcher server" daemon [_thread_blocked, id=1768, stack(0x000000b975500000,0x000000b975600000)]
  0x0000021289d6d800 JavaThread "File watcher consumer" daemon [_thread_blocked, id=640, stack(0x000000b975600000,0x000000b975700000)]
  0x000002128a0e8800 JavaThread "Cache worker for execution history cache (C:\Users\admin\.gradle\caches\7.0.2\executionHistory)" [_thread_blocked, id=228, stack(0x000000b975a00000,0x000000b975b00000)]
  0x000002128a0e6800 JavaThread "jar transforms" [_thread_blocked, id=2588, stack(0x000000b975b00000,0x000000b975c00000)]
  0x000002128a0eb800 JavaThread "jar transforms Thread 2" [_thread_blocked, id=9008, stack(0x000000b975c00000,0x000000b975d00000)]
  0x000002128a0e9000 JavaThread "Cache worker for file content cache (C:\Users\admin\.gradle\caches\7.0.2\fileContent)" [_thread_blocked, id=11124, stack(0x000000b975d00000,0x000000b975e00000)]
  0x000002128a0e6000 JavaThread "jar transforms Thread 3" [_thread_blocked, id=9272, stack(0x000000b975f00000,0x000000b976000000)]
  0x000002128a0f2000 JavaThread "jar transforms Thread 4" [_thread_blocked, id=5292, stack(0x000000b976500000,0x000000b976600000)]
  0x000002128a0ec800 JavaThread "Memory manager" [_thread_blocked, id=2228, stack(0x000000b976600000,0x000000b976700000)]
  0x000002128a0ee000 JavaThread "pool-3-thread-1" [_thread_blocked, id=700, stack(0x000000b976a00000,0x000000b976b00000)]
  0x0000021290956800 JavaThread "RMI Scheduler(0)" daemon [_thread_blocked, id=11028, stack(0x000000b973000000,0x000000b973100000)]
  0x000002128e4af800 JavaThread "RMI GC Daemon" daemon [_thread_blocked, id=12668, stack(0x000000b974d00000,0x000000b974e00000)]
  0x000002128e4ad000 JavaThread "RMI TCP Accept-0" daemon [_thread_in_native, id=2740, stack(0x000000b977600000,0x000000b977700000)]
  0x000002128e4b0800 JavaThread "RMI Reaper" [_thread_blocked, id=8060, stack(0x000000b977700000,0x000000b977800000)]
  0x000002128e4b3000 JavaThread "Cache worker for Java compile cache (C:\Users\admin\.gradle\caches\7.0.2\javaCompile)" [_thread_blocked, id=8056, stack(0x000000b973100000,0x000000b973200000)]
  0x000002128a0ed000 JavaThread "pool-8-thread-1" [_thread_blocked, id=13092, stack(0x000000b976900000,0x000000b976a00000)]
  0x000002129094d800 JavaThread "pool-13-thread-1" [_thread_blocked, id=8412, stack(0x000000b976b00000,0x000000b976c00000)]
  0x000002129034f800 JavaThread "pool-18-thread-1" [_thread_blocked, id=2096, stack(0x000000b976c00000,0x000000b976d00000)]
  0x000002129094f000 JavaThread "pool-23-thread-1" [_thread_blocked, id=1400, stack(0x000000b976e00000,0x000000b976f00000)]
  0x0000021290954800 JavaThread "ForkJoinPool.commonPool-worker-5" daemon [_thread_blocked, id=5348, stack(0x000000b978000000,0x000000b978100000)]
  0x000002129094e000 JavaThread "pool-28-thread-1" [_thread_blocked, id=10164, stack(0x000000b976d00000,0x000000b976e00000)]
  0x0000021290952800 JavaThread "RMI TCP Connection(46)-127.0.0.1" daemon [_thread_in_native, id=12928, stack(0x000000b973200000,0x000000b973300000)]
  0x0000021290955800 JavaThread "Daemon Thread 7" [_thread_blocked, id=10228, stack(0x000000b974800000,0x000000b974900000)]
  0x0000021290950000 JavaThread "Handler for socket connection from /127.0.0.1:13048 to /127.0.0.1:8924" [_thread_in_native, id=13156, stack(0x000000b974900000,0x000000b974a00000)]
  0x0000021290959800 JavaThread "Cancel handler" [_thread_blocked, id=12516, stack(0x000000b974a00000,0x000000b974b00000)]
  0x0000021290958000 JavaThread "Daemon worker Thread 7" [_thread_blocked, id=1160, stack(0x000000b974b00000,0x000000b974c00000)]
  0x000002129095a800 JavaThread "Asynchronous log dispatcher for DefaultDaemonConnection: socket connection from /127.0.0.1:13048 to /127.0.0.1:8924" [_thread_blocked, id=7416, stack(0x000000b974c00000,0x000000b974d00000)]
  0x0000021290344000 JavaThread "Daemon client event forwarder" [_thread_blocked, id=10112, stack(0x000000b975400000,0x000000b975500000)]
  0x0000021290349000 JavaThread "Cache worker for file hash cache (C:\dev\work\android\vbile\new\Bumgard\.gradle\7.0.2\fileHashes)" [_thread_blocked, id=11840, stack(0x000000b975700000,0x000000b975800000)]
  0x0000021290345000 JavaThread "Cache worker for checksums cache (C:\dev\work\android\vbile\new\Bumgard\.gradle\checksums)" [_thread_blocked, id=1856, stack(0x000000b975800000,0x000000b975900000)]
  0x0000021290348000 JavaThread "Cache worker for cache directory md-supplier (C:\Users\admin\.gradle\caches\7.0.2\md-supplier)" [_thread_blocked, id=1544, stack(0x000000b975900000,0x000000b975a00000)]
  0x0000021290347800 JavaThread "Cache worker for cache directory md-rule (C:\Users\admin\.gradle\caches\7.0.2\md-rule)" [_thread_blocked, id=4880, stack(0x000000b975e00000,0x000000b975f00000)]
  0x000002129034a800 JavaThread "Cache worker for dependencies-accessors (C:\dev\work\android\vbile\new\Bumgard\.gradle\7.0.2\dependencies-accessors)" [_thread_blocked, id=7260, stack(0x000000b976000000,0x000000b976100000)]
  0x0000021290346000 JavaThread "Cache worker for Build Output Cleanup Cache (C:\dev\work\android\vbile\new\Bumgard\.gradle\buildOutputCleanup)" [_thread_blocked, id=10628, stack(0x000000b976100000,0x000000b976200000)]
  0x000002129034a000 JavaThread "Build operations" [_thread_blocked, id=5972, stack(0x000000b976200000,0x000000b976300000)]
  0x000002129034e800 JavaThread "Build operations Thread 2" [_thread_blocked, id=13732, stack(0x000000b976300000,0x000000b976400000)]
  0x000002129034b800 JavaThread "Build operations Thread 3" [_thread_blocked, id=10724, stack(0x000000b976400000,0x000000b976500000)]
  0x000002129034e000 JavaThread "Build operations Thread 4" [_thread_blocked, id=11160, stack(0x000000b976700000,0x000000b976800000)]
  0x0000021290350800 JavaThread "build event listener" [_thread_blocked, id=7732, stack(0x000000b976f00000,0x000000b977000000)]
  0x0000021290351000 JavaThread "pool-33-thread-1" [_thread_blocked, id=12552, stack(0x000000b977000000,0x000000b977100000)]
  0x0000021290352000 JavaThread "build event listener" [_thread_blocked, id=1716, stack(0x000000b977100000,0x000000b977200000)]
  0x000002129034c800 JavaThread "Execution worker for ':'" [_thread_blocked, id=9180, stack(0x000000b977200000,0x000000b977300000)]
  0x0000021290353000 JavaThread "Execution worker for ':' Thread 2" [_thread_blocked, id=4216, stack(0x000000b977300000,0x000000b977400000)]
  0x000002128e4ac800 JavaThread "Execution worker for ':' Thread 3" [_thread_blocked, id=11632, stack(0x000000b977400000,0x000000b977500000)]
  0x000002128e4b3800 JavaThread "Cache worker for execution history cache (C:\dev\work\android\vbile\new\Bumgard\.gradle\7.0.2\executionHistory)" [_thread_blocked, id=380, stack(0x000000b977500000,0x000000b977600000)]
  0x000002128e4ae000 JavaThread "WorkerExecutor Queue" [_thread_blocked, id=8960, stack(0x000000b976800000,0x000000b976900000)]
  0x000002128e4ae800 JavaThread "WorkerExecutor Queue Thread 2" [_thread_blocked, id=12136, stack(0x000000b977800000,0x000000b977900000)]
  0x000002128e4b9800 JavaThread "WorkerExecutor Queue Thread 3" [_thread_blocked, id=9684, stack(0x000000b977900000,0x000000b977a00000)]
  0x000002128e4b7000 JavaThread "pool-34-thread-1" [_thread_blocked, id=7640, stack(0x000000b977a00000,0x000000b977b00000)]
  0x000002128e4b7800 JavaThread "stderr" [_thread_in_native, id=5548, stack(0x000000b977b00000,0x000000b977c00000)]
  0x000002128e4ba000 JavaThread "stdout" [_thread_in_native, id=11528, stack(0x000000b977c00000,0x000000b977d00000)]
  0x000002128a0eb000 JavaThread "RMI TCP Connection(idle)" daemon [_thread_blocked, id=11724, stack(0x000000b977e00000,0x000000b977f00000)]
  0x000002128a0f4000 JavaThread "WorkerExecutor Queue Thread 4" [_thread_blocked, id=3004, stack(0x000000b977f00000,0x000000b978000000)]
  0x000002128a0e7800 JavaThread "Cache worker for Java compile cache (C:\dev\work\android\vbile\new\Bumgard\.gradle\7.0.2\javaCompile)" [_thread_blocked, id=2796, stack(0x000000b974e00000,0x000000b974f00000)]
  0x000002128a0ef000 JavaThread "C2 CompilerThread1" daemon [_thread_in_native, id=936, stack(0x000000b978100000,0x000000b978200000)]
  0x000002128a0f1800 JavaThread "WorkerExecutor Queue Thread 6" [_thread_blocked, id=9512, stack(0x000000b977d00000,0x000000b977e00000)]

Other Threads:
=>0x00000212870bf000 VMThread "VM Thread" [stack: 0x000000b973900000,0x000000b973a00000] [id=13528]
  0x0000021287bee800 WatcherThread [stack: 0x000000b974300000,0x000000b974400000] [id=632]
  0x00000212ed442000 GCTaskThread "GC Thread#0" [stack: 0x000000b973400000,0x000000b973500000] [id=14292]
  0x000002128853a800 GCTaskThread "GC Thread#1" [stack: 0x000000b974500000,0x000000b974600000] [id=4464]
  0x00000212895fe000 GCTaskThread "GC Thread#2" [stack: 0x000000b974f00000,0x000000b975000000] [id=6088]
  0x00000212895d6800 GCTaskThread "GC Thread#3" [stack: 0x000000b975000000,0x000000b975100000] [id=9012]
  0x00000212ed478800 ConcurrentGCThread "G1 Main Marker" [stack: 0x000000b973500000,0x000000b973600000] [id=1156]
  0x00000212ed479800 ConcurrentGCThread "G1 Conc#0" [stack: 0x000000b973600000,0x000000b973700000] [id=4964]
  0x00000212ed4eb800 ConcurrentGCThread "G1 Refine#0" [stack: 0x000000b973700000,0x000000b973800000] [id=5420]
  0x00000212ed4ec800 ConcurrentGCThread "G1 Young RemSet Sampling" [stack: 0x000000b973800000,0x000000b973900000] [id=11880]

Threads with active compile tasks:
C2 CompilerThread03692742 37438       4       com.android.tools.r8.code.w1::a (4137 bytes)
C2 CompilerThread13692742 37414       4       com.android.tools.r8.dex.j::a (1038 bytes)

VM state:at safepoint (normal execution)

VM Mutex/Monitor currently owned by a thread:  ([mutex/lock_event])
[0x00000212ed4272d0] Threads_lock - owner thread: 0x00000212870bf000
[0x00000212ed4287a0] Heap_lock - owner thread: 0x000002128e4ae000

Heap address: 0x0000000080000000, size: 2048 MB, Compressed Oops mode: 32-bit
Narrow klass base: 0x0000000000000000, Narrow klass shift: 3
Compressed class space size: 1073741824 Address: 0x0000000100000000

Heap:
 garbage-first heap   total 654336K, used 173180K [0x0000000080000000, 0x0000000100000000)
  region size 1024K, 8 young (8192K), 8 survivors (8192K)
 Metaspace       used 149844K, capacity 153799K, committed 161136K, reserved 1189888K
  class space    used 17678K, capacity 19092K, committed 21068K, reserved 1048576K
Heap Regions: E=young(eden), S=young(survivor), O=old, HS=humongous(starts), HC=humongous(continues), CS=collection set, F=free, A=archive, TAMS=top-at-mark-start (previous, next)
|   0|0x0000000080000000, 0x0000000080100000, 0x0000000080100000|100%| O|  |TAMS 0x0000000080100000, 0x0000000080100000| Untracked 
|   1|0x0000000080100000, 0x0000000080200000, 0x0000000080200000|100%| O|  |TAMS 0x0000000080200000, 0x0000000080200000| Untracked 
|   2|0x0000000080200000, 0x0000000080300000, 0x0000000080300000|100%| O|  |TAMS 0x0000000080300000, 0x0000000080300000| Untracked 
|   3|0x0000000080300000, 0x0000000080400000, 0x0000000080400000|100%|HS|  |TAMS 0x0000000080400000, 0x0000000080400000| Complete 
|   4|0x0000000080400000, 0x0000000080500000, 0x0000000080500000|100%|HC|  |TAMS 0x0000000080500000, 0x0000000080500000| Complete 
|   5|0x0000000080500000, 0x0000000080600000, 0x0000000080600000|100%|HC|  |TAMS 0x0000000080600000, 0x0000000080600000| Complete 
|   6|0x0000000080600000, 0x0000000080700000, 0x0000000080700000|100%| O|  |TAMS 0x0000000080700000, 0x0000000080700000| Untracked 
|   7|0x0000000080700000, 0x0000000080800000, 0x0000000080800000|100%| O|  |TAMS 0x0000000080800000, 0x0000000080800000| Untracked 
|   8|0x0000000080800000, 0x0000000080900000, 0x0000000080900000|100%| O|  |TAMS 0x0000000080900000, 0x0000000080900000| Untracked 
|   9|0x0000000080900000, 0x0000000080a00000, 0x0000000080a00000|100%| O|  |TAMS 0x0000000080a00000, 0x0000000080a00000| Untracked 
|  10|0x0000000080a00000, 0x0000000080b00000, 0x0000000080b00000|100%| O|  |TAMS 0x0000000080b00000, 0x0000000080b00000| Untracked 
|  11|0x0000000080b00000, 0x0000000080c00000, 0x0000000080c00000|100%| O|  |TAMS 0x0000000080c00000, 0x0000000080c00000| Untracked 
|  12|0x0000000080c00000, 0x0000000080d00000, 0x0000000080d00000|100%| O|  |TAMS 0x0000000080d00000, 0x0000000080d00000| Untracked 
|  13|0x0000000080d00000, 0x0000000080e00000, 0x0000000080e00000|100%| O|  |TAMS 0x0000000080e00000, 0x0000000080e00000| Untracked 
|  14|0x0000000080e00000, 0x0000000080f00000, 0x0000000080f00000|100%| O|  |TAMS 0x0000000080f00000, 0x0000000080f00000| Untracked 
|  15|0x0000000080f00000, 0x0000000081000000, 0x0000000081000000|100%| O|  |TAMS 0x0000000081000000, 0x0000000081000000| Untracked 
|  16|0x0000000081000000, 0x0000000081100000, 0x0000000081100000|100%|HS|  |TAMS 0x0000000081100000, 0x0000000081100000| Complete 
|  17|0x0000000081100000, 0x0000000081200000, 0x0000000081200000|100%| O|  |TAMS 0x0000000081200000, 0x0000000081200000| Untracked 
|  18|0x0000000081200000, 0x0000000081300000, 0x0000000081300000|100%| O|  |TAMS 0x0000000081300000, 0x0000000081300000| Untracked 
|  19|0x0000000081300000, 0x0000000081400000, 0x0000000081400000|100%| O|  |TAMS 0x0000000081400000, 0x0000000081400000| Untracked 
|  20|0x0000000081400000, 0x0000000081500000, 0x0000000081500000|100%| O|  |TAMS 0x0000000081500000, 0x0000000081500000| Untracked 
|  21|0x0000000081500000, 0x0000000081600000, 0x0000000081600000|100%| O|  |TAMS 0x0000000081600000, 0x0000000081600000| Untracked 
|  22|0x0000000081600000, 0x0000000081700000, 0x0000000081700000|100%| O|  |TAMS 0x0000000081700000, 0x0000000081700000| Untracked 
|  23|0x0000000081700000, 0x0000000081800000, 0x0000000081800000|100%| O|  |TAMS 0x0000000081800000, 0x0000000081800000| Untracked 
|  24|0x0000000081800000, 0x0000000081900000, 0x0000000081900000|100%| O|  |TAMS 0x0000000081900000, 0x0000000081900000| Untracked 
|  25|0x0000000081900000, 0x0000000081a00000, 0x0000000081a00000|100%| O|  |TAMS 0x0000000081a00000, 0x0000000081a00000| Untracked 
|  26|0x0000000081a00000, 0x0000000081b00000, 0x0000000081b00000|100%|HS|  |TAMS 0x0000000081b00000, 0x0000000081b00000| Complete 
|  27|0x0000000081b00000, 0x0000000081c00000, 0x0000000081c00000|100%|HS|  |TAMS 0x0000000081c00000, 0x0000000081c00000| Complete 
|  28|0x0000000081c00000, 0x0000000081d00000, 0x0000000081d00000|100%|HS|  |TAMS 0x0000000081d00000, 0x0000000081d00000| Complete 
|  29|0x0000000081d00000, 0x0000000081e00000, 0x0000000081e00000|100%|HC|  |TAMS 0x0000000081e00000, 0x0000000081e00000| Complete 
|  30|0x0000000081e00000, 0x0000000081f00000, 0x0000000081f00000|100%|HC|  |TAMS 0x0000000081f00000, 0x0000000081f00000| Complete 
|  31|0x0000000081f00000, 0x0000000082000000, 0x0000000082000000|100%|HS|  |TAMS 0x0000000082000000, 0x0000000082000000| Complete 
|  32|0x0000000082000000, 0x0000000082100000, 0x0000000082100000|100%|HC|  |TAMS 0x0000000082100000, 0x0000000082100000| Complete 
|  33|0x0000000082100000, 0x0000000082200000, 0x0000000082200000|100%| O|  |TAMS 0x0000000082200000, 0x0000000082200000| Untracked 
|  34|0x0000000082200000, 0x0000000082300000, 0x0000000082300000|100%| O|  |TAMS 0x0000000082300000, 0x0000000082300000| Untracked 
|  35|0x0000000082300000, 0x0000000082400000, 0x0000000082400000|100%| O|  |TAMS 0x0000000082400000, 0x0000000082400000| Untracked 
|  36|0x0000000082400000, 0x0000000082500000, 0x0000000082500000|100%| O|  |TAMS 0x0000000082500000, 0x0000000082500000| Untracked 
|  37|0x0000000082500000, 0x0000000082600000, 0x0000000082600000|100%| O|  |TAMS 0x0000000082600000, 0x0000000082600000| Untracked 
|  38|0x0000000082600000, 0x0000000082700000, 0x0000000082700000|100%| O|  |TAMS 0x0000000082700000, 0x0000000082700000| Untracked 
|  39|0x0000000082700000, 0x0000000082800000, 0x0000000082800000|100%| O|  |TAMS 0x0000000082800000, 0x0000000082800000| Untracked 
|  40|0x0000000082800000, 0x0000000082900000, 0x0000000082900000|100%| O|  |TAMS 0x0000000082900000, 0x0000000082900000| Untracked 
|  41|0x0000000082900000, 0x0000000082a00000, 0x0000000082a00000|100%| O|  |TAMS 0x0000000082a00000, 0x0000000082a00000| Untracked 
|  42|0x0000000082a00000, 0x0000000082b00000, 0x0000000082b00000|100%| O|  |TAMS 0x0000000082b00000, 0x0000000082b00000| Untracked 
|  43|0x0000000082b00000, 0x0000000082c00000, 0x0000000082c00000|100%| O|  |TAMS 0x0000000082c00000, 0x0000000082c00000| Untracked 
|  44|0x0000000082c00000, 0x0000000082d00000, 0x0000000082d00000|100%| O|  |TAMS 0x0000000082d00000, 0x0000000082d00000| Untracked 
|  45|0x0000000082d00000, 0x0000000082e00000, 0x0000000082e00000|100%| O|  |TAMS 0x0000000082e00000, 0x0000000082e00000| Untracked 
|  46|0x0000000082e00000, 0x0000000082f00000, 0x0000000082f00000|100%| O|  |TAMS 0x0000000082f00000, 0x0000000082f00000| Untracked 
|  47|0x0000000082f00000, 0x0000000083000000, 0x0000000083000000|100%| O|  |TAMS 0x0000000083000000, 0x0000000083000000| Untracked 
|  48|0x0000000083000000, 0x0000000083100000, 0x0000000083100000|100%|HS|  |TAMS 0x0000000083100000, 0x0000000083100000| Complete 
|  49|0x0000000083100000, 0x0000000083200000, 0x0000000083200000|100%|HC|  |TAMS 0x0000000083200000, 0x0000000083200000| Complete 
|  50|0x0000000083200000, 0x0000000083300000, 0x0000000083300000|100%| O|  |TAMS 0x0000000083300000, 0x0000000083300000| Untracked 
|  51|0x0000000083300000, 0x0000000083400000, 0x0000000083400000|100%| O|  |TAMS 0x0000000083400000, 0x0000000083400000| Untracked 
|  52|0x0000000083400000, 0x0000000083500000, 0x0000000083500000|100%| O|  |TAMS 0x0000000083500000, 0x0000000083500000| Untracked 
|  53|0x0000000083500000, 0x0000000083600000, 0x0000000083600000|100%| O|  |TAMS 0x0000000083600000, 0x0000000083600000| Untracked 
|  54|0x0000000083600000, 0x0000000083700000, 0x0000000083700000|100%| O|  |TAMS 0x0000000083700000, 0x0000000083700000| Untracked 
|  55|0x0000000083700000, 0x0000000083800000, 0x0000000083800000|100%| O|  |TAMS 0x0000000083800000, 0x0000000083800000| Untracked 
|  56|0x0000000083800000, 0x0000000083900000, 0x0000000083900000|100%| O|  |TAMS 0x0000000083876400, 0x0000000083900000| Untracked 
|  57|0x0000000083900000, 0x0000000083a00000, 0x0000000083a00000|100%| O|  |TAMS 0x0000000083a00000, 0x0000000083a00000| Untracked 
|  58|0x0000000083a00000, 0x0000000083b00000, 0x0000000083b00000|100%| O|  |TAMS 0x0000000083b00000, 0x0000000083b00000| Untracked 
|  59|0x0000000083b00000, 0x0000000083c00000, 0x0000000083c00000|100%| O|  |TAMS 0x0000000083c00000, 0x0000000083c00000| Untracked 
|  60|0x0000000083c00000, 0x0000000083d00000, 0x0000000083d00000|100%| O|  |TAMS 0x0000000083d00000, 0x0000000083d00000| Untracked 
|  61|0x0000000083d00000, 0x0000000083e00000, 0x0000000083e00000|100%| O|  |TAMS 0x0000000083d00000, 0x0000000083e00000| Untracked 
|  62|0x0000000083e00000, 0x0000000083f00000, 0x0000000083f00000|100%| O|  |TAMS 0x0000000083f00000, 0x0000000083f00000| Untracked 
|  63|0x0000000083f00000, 0x0000000084000000, 0x0000000084000000|100%| O|  |TAMS 0x0000000084000000, 0x0000000084000000| Untracked 
|  64|0x0000000084000000, 0x0000000084100000, 0x0000000084100000|100%| O|  |TAMS 0x0000000084100000, 0x0000000084100000| Untracked 
|  65|0x0000000084100000, 0x0000000084200000, 0x0000000084200000|100%| O|  |TAMS 0x0000000084100000, 0x0000000084200000| Untracked 
|  66|0x0000000084200000, 0x0000000084300000, 0x0000000084300000|100%| O|  |TAMS 0x0000000084300000, 0x0000000084300000| Untracked 
|  67|0x0000000084300000, 0x0000000084400000, 0x0000000084400000|100%| O|  |TAMS 0x0000000084300000, 0x0000000084400000| Untracked 
|  68|0x0000000084400000, 0x0000000084500000, 0x0000000084500000|100%| O|  |TAMS 0x0000000084500000, 0x0000000084500000| Untracked 
|  69|0x0000000084500000, 0x0000000084600000, 0x0000000084600000|100%| O|  |TAMS 0x0000000084600000, 0x0000000084600000| Untracked 
|  70|0x0000000084600000, 0x0000000084700000, 0x0000000084700000|100%| O|  |TAMS 0x0000000084700000, 0x0000000084700000| Untracked 
|  71|0x0000000084700000, 0x0000000084800000, 0x0000000084800000|100%| O|  |TAMS 0x0000000084800000, 0x0000000084800000| Untracked 
|  72|0x0000000084800000, 0x0000000084900000, 0x0000000084900000|100%| O|  |TAMS 0x0000000084900000, 0x0000000084900000| Untracked 
|  73|0x0000000084900000, 0x0000000084a00000, 0x0000000084a00000|100%| O|  |TAMS 0x0000000084900000, 0x0000000084a00000| Untracked 
|  74|0x0000000084a00000, 0x0000000084b00000, 0x0000000084b00000|100%| O|  |TAMS 0x0000000084b00000, 0x0000000084b00000| Untracked 
|  75|0x0000000084b00000, 0x0000000084c00000, 0x0000000084c00000|100%| O|  |TAMS 0x0000000084c00000, 0x0000000084c00000| Untracked 
|  76|0x0000000084c00000, 0x0000000084d00000, 0x0000000084d00000|100%| O|  |TAMS 0x0000000084d00000, 0x0000000084d00000| Untracked 
|  77|0x0000000084d00000, 0x0000000084e00000, 0x0000000084e00000|100%| O|  |TAMS 0x0000000084e00000, 0x0000000084e00000| Untracked 
|  78|0x0000000084e00000, 0x0000000084f00000, 0x0000000084f00000|100%| O|  |TAMS 0x0000000084f00000, 0x0000000084f00000| Untracked 
|  79|0x0000000084f00000, 0x0000000085000000, 0x0000000085000000|100%| O|  |TAMS 0x0000000085000000, 0x0000000085000000| Untracked 
|  80|0x0000000085000000, 0x0000000085100000, 0x0000000085100000|100%| O|  |TAMS 0x0000000085100000, 0x0000000085100000| Untracked 
|  81|0x0000000085100000, 0x0000000085200000, 0x0000000085200000|100%| O|  |TAMS 0x0000000085200000, 0x0000000085200000| Untracked 
|  82|0x0000000085200000, 0x0000000085300000, 0x0000000085300000|100%| O|  |TAMS 0x0000000085300000, 0x0000000085300000| Untracked 
|  83|0x0000000085300000, 0x0000000085400000, 0x0000000085400000|100%| O|  |TAMS 0x0000000085400000, 0x0000000085400000| Untracked 
|  84|0x0000000085400000, 0x0000000085500000, 0x0000000085500000|100%| O|  |TAMS 0x0000000085500000, 0x0000000085500000| Untracked 
|  85|0x0000000085500000, 0x0000000085600000, 0x0000000085600000|100%| O|  |TAMS 0x0000000085600000, 0x0000000085600000| Untracked 
|  86|0x0000000085600000, 0x0000000085700000, 0x0000000085700000|100%| O|  |TAMS 0x0000000085700000, 0x0000000085700000| Untracked 
|  87|0x0000000085700000, 0x0000000085800000, 0x0000000085800000|100%| O|  |TAMS 0x0000000085800000, 0x0000000085800000| Untracked 
|  88|0x0000000085800000, 0x0000000085900000, 0x0000000085900000|100%|HS|  |TAMS 0x0000000085900000, 0x0000000085900000| Complete 
|  89|0x0000000085900000, 0x0000000085a00000, 0x0000000085a00000|100%| O|  |TAMS 0x0000000085a00000, 0x0000000085a00000| Untracked 
|  90|0x0000000085a00000, 0x0000000085b00000, 0x0000000085b00000|100%| O|  |TAMS 0x0000000085b00000, 0x0000000085b00000| Untracked 
|  91|0x0000000085b00000, 0x0000000085c00000, 0x0000000085c00000|100%| O|  |TAMS 0x0000000085c00000, 0x0000000085c00000| Untracked 
|  92|0x0000000085c00000, 0x0000000085d00000, 0x0000000085d00000|100%| O|  |TAMS 0x0000000085d00000, 0x0000000085d00000| Untracked 
|  93|0x0000000085d00000, 0x0000000085e00000, 0x0000000085e00000|100%| O|  |TAMS 0x0000000085e00000, 0x0000000085e00000| Untracked 
|  94|0x0000000085e00000, 0x0000000085f00000, 0x0000000085f00000|100%| O|  |TAMS 0x0000000085f00000, 0x0000000085f00000| Untracked 
|  95|0x0000000085f00000, 0x0000000086000000, 0x0000000086000000|100%| O|  |TAMS 0x0000000086000000, 0x0000000086000000| Untracked 
|  96|0x0000000086000000, 0x0000000086100000, 0x0000000086100000|100%| O|  |TAMS 0x0000000086000000, 0x0000000086100000| Untracked 
|  97|0x0000000086100000, 0x0000000086200000, 0x0000000086200000|100%| O|  |TAMS 0x0000000086200000, 0x0000000086200000| Untracked 
|  98|0x0000000086200000, 0x0000000086300000, 0x0000000086300000|100%| O|  |TAMS 0x0000000086300000, 0x0000000086300000| Untracked 
|  99|0x0000000086300000, 0x0000000086400000, 0x0000000086400000|100%| O|  |TAMS 0x0000000086400000, 0x0000000086400000| Untracked 
| 100|0x0000000086400000, 0x0000000086500000, 0x0000000086500000|100%| O|  |TAMS 0x0000000086500000, 0x0000000086500000| Untracked 
| 101|0x0000000086500000, 0x0000000086600000, 0x0000000086600000|100%| O|  |TAMS 0x0000000086500000, 0x0000000086600000| Untracked 
| 102|0x0000000086600000, 0x0000000086700000, 0x0000000086700000|100%| O|  |TAMS 0x0000000086700000, 0x0000000086700000| Untracked 
| 103|0x0000000086700000, 0x0000000086800000, 0x0000000086800000|100%| O|  |TAMS 0x0000000086800000, 0x0000000086800000| Untracked 
| 104|0x0000000086800000, 0x0000000086900000, 0x0000000086900000|100%| O|  |TAMS 0x0000000086900000, 0x0000000086900000| Untracked 
| 105|0x0000000086900000, 0x0000000086a00000, 0x0000000086a00000|100%| O|  |TAMS 0x0000000086a00000, 0x0000000086a00000| Untracked 
| 106|0x0000000086a00000, 0x0000000086a8e400, 0x0000000086b00000| 55%| O|  |TAMS 0x0000000086a00000, 0x0000000086a8e400| Untracked 
| 107|0x0000000086b00000, 0x0000000086c00000, 0x0000000086c00000|100%| O|  |TAMS 0x0000000086c00000, 0x0000000086c00000| Untracked 
| 108|0x0000000086c00000, 0x0000000086d00000, 0x0000000086d00000|100%| O|  |TAMS 0x0000000086d00000, 0x0000000086d00000| Untracked 
| 109|0x0000000086d00000, 0x0000000086e00000, 0x0000000086e00000|100%| O|  |TAMS 0x0000000086e00000, 0x0000000086e00000| Untracked 
| 110|0x0000000086e00000, 0x0000000086f00000, 0x0000000086f00000|100%| O|  |TAMS 0x0000000086f00000, 0x0000000086f00000| Untracked 
| 111|0x0000000086f00000, 0x0000000086f00000, 0x0000000087000000|  0%| F|  |TAMS 0x0000000086f00000, 0x0000000086f00000| Untracked 
| 112|0x0000000087000000, 0x0000000087100000, 0x0000000087100000|100%| O|  |TAMS 0x0000000087100000, 0x0000000087100000| Untracked 
| 113|0x0000000087100000, 0x0000000087200000, 0x0000000087200000|100%| O|  |TAMS 0x0000000087200000, 0x0000000087200000| Untracked 
| 114|0x0000000087200000, 0x0000000087200000, 0x0000000087300000|  0%| F|  |TAMS 0x0000000087200000, 0x0000000087200000| Untracked 
| 115|0x0000000087300000, 0x0000000087400000, 0x0000000087400000|100%| O|  |TAMS 0x0000000087400000, 0x0000000087400000| Untracked 
| 116|0x0000000087400000, 0x0000000087500000, 0x0000000087500000|100%| O|  |TAMS 0x0000000087500000, 0x0000000087500000| Untracked 
| 117|0x0000000087500000, 0x0000000087600000, 0x0000000087600000|100%| O|  |TAMS 0x0000000087600000, 0x0000000087600000| Untracked 
| 118|0x0000000087600000, 0x0000000087700000, 0x0000000087700000|100%| O|  |TAMS 0x0000000087700000, 0x0000000087700000| Untracked 
| 119|0x0000000087700000, 0x0000000087800000, 0x0000000087800000|100%| O|  |TAMS 0x0000000087800000, 0x0000000087800000| Untracked 
| 120|0x0000000087800000, 0x0000000087900000, 0x0000000087900000|100%| O|  |TAMS 0x0000000087900000, 0x0000000087900000| Untracked 
| 121|0x0000000087900000, 0x0000000087900000, 0x0000000087a00000|  0%| F|  |TAMS 0x0000000087900000, 0x0000000087900000| Untracked 
| 122|0x0000000087a00000, 0x0000000087b00000, 0x0000000087b00000|100%| O|  |TAMS 0x0000000087b00000, 0x0000000087b00000| Untracked 
| 123|0x0000000087b00000, 0x0000000087b00000, 0x0000000087c00000|  0%| F|  |TAMS 0x0000000087b00000, 0x0000000087b00000| Untracked 
| 124|0x0000000087c00000, 0x0000000087d00000, 0x0000000087d00000|100%| O|  |TAMS 0x0000000087d00000, 0x0000000087d00000| Untracked 
| 125|0x0000000087d00000, 0x0000000087e00000, 0x0000000087e00000|100%| O|  |TAMS 0x0000000087e00000, 0x0000000087e00000| Untracked 
| 126|0x0000000087e00000, 0x0000000087f00000, 0x0000000087f00000|100%| O|  |TAMS 0x0000000087f00000, 0x0000000087f00000| Untracked 
| 127|0x0000000087f00000, 0x0000000088000000, 0x0000000088000000|100%| O|  |TAMS 0x0000000088000000, 0x0000000088000000| Untracked 
| 128|0x0000000088000000, 0x0000000088100000, 0x0000000088100000|100%| O|  |TAMS 0x0000000088100000, 0x0000000088100000| Untracked 
| 129|0x0000000088100000, 0x0000000088200000, 0x0000000088200000|100%| O|  |TAMS 0x0000000088200000, 0x0000000088200000| Untracked 
| 130|0x0000000088200000, 0x0000000088300000, 0x0000000088300000|100%|HS|  |TAMS 0x0000000088300000, 0x0000000088300000| Complete 
| 131|0x0000000088300000, 0x0000000088400000, 0x0000000088400000|100%|HC|  |TAMS 0x0000000088400000, 0x0000000088400000| Complete 
| 132|0x0000000088400000, 0x0000000088500000, 0x0000000088500000|100%|HC|  |TAMS 0x0000000088500000, 0x0000000088500000| Complete 
| 133|0x0000000088500000, 0x0000000088600000, 0x0000000088600000|100%| O|  |TAMS 0x0000000088600000, 0x0000000088600000| Untracked 
| 134|0x0000000088600000, 0x0000000088700000, 0x0000000088700000|100%| O|  |TAMS 0x0000000088700000, 0x0000000088700000| Untracked 
| 135|0x0000000088700000, 0x0000000088800000, 0x0000000088800000|100%| O|  |TAMS 0x0000000088800000, 0x0000000088800000| Untracked 
| 136|0x0000000088800000, 0x0000000088800000, 0x0000000088900000|  0%| F|  |TAMS 0x0000000088800000, 0x0000000088800000| Untracked 
| 137|0x0000000088900000, 0x0000000088a00000, 0x0000000088a00000|100%| O|  |TAMS 0x0000000088a00000, 0x0000000088a00000| Untracked 
| 138|0x0000000088a00000, 0x0000000088b00000, 0x0000000088b00000|100%| O|  |TAMS 0x0000000088b00000, 0x0000000088b00000| Untracked 
| 139|0x0000000088b00000, 0x0000000088c00000, 0x0000000088c00000|100%| O|  |TAMS 0x0000000088c00000, 0x0000000088c00000| Untracked 
| 140|0x0000000088c00000, 0x0000000088d00000, 0x0000000088d00000|100%| O|  |TAMS 0x0000000088d00000, 0x0000000088d00000| Untracked 
| 141|0x0000000088d00000, 0x0000000088e00000, 0x0000000088e00000|100%| O|  |TAMS 0x0000000088e00000, 0x0000000088e00000| Untracked 
| 142|0x0000000088e00000, 0x0000000088f00000, 0x0000000088f00000|100%| O|  |TAMS 0x0000000088f00000, 0x0000000088f00000| Untracked 
| 143|0x0000000088f00000, 0x0000000089000000, 0x0000000089000000|100%| O|  |TAMS 0x0000000089000000, 0x0000000089000000| Untracked 
| 144|0x0000000089000000, 0x0000000089000000, 0x0000000089100000|  0%| F|  |TAMS 0x0000000089000000, 0x0000000089000000| Untracked 
| 145|0x0000000089100000, 0x0000000089100000, 0x0000000089200000|  0%| F|  |TAMS 0x0000000089100000, 0x0000000089100000| Untracked 
| 146|0x0000000089200000, 0x0000000089200000, 0x0000000089300000|  0%| F|  |TAMS 0x0000000089200000, 0x0000000089200000| Untracked 
| 147|0x0000000089300000, 0x0000000089300000, 0x0000000089400000|  0%| F|  |TAMS 0x0000000089300000, 0x0000000089300000| Untracked 
| 148|0x0000000089400000, 0x0000000089400000, 0x0000000089500000|  0%| F|  |TAMS 0x0000000089400000, 0x0000000089400000| Untracked 
| 149|0x0000000089500000, 0x0000000089500000, 0x0000000089600000|  0%| F|  |TAMS 0x0000000089500000, 0x0000000089500000| Untracked 
| 150|0x0000000089600000, 0x0000000089600000, 0x0000000089700000|  0%| F|  |TAMS 0x0000000089600000, 0x0000000089600000| Untracked 
| 151|0x0000000089700000, 0x0000000089800000, 0x0000000089800000|100%| O|  |TAMS 0x0000000089800000, 0x0000000089800000| Untracked 
| 152|0x0000000089800000, 0x0000000089800000, 0x0000000089900000|  0%| F|  |TAMS 0x0000000089800000, 0x0000000089800000| Untracked 
| 153|0x0000000089900000, 0x0000000089900000, 0x0000000089a00000|  0%| F|  |TAMS 0x0000000089900000, 0x0000000089900000| Untracked 
| 154|0x0000000089a00000, 0x0000000089a00000, 0x0000000089b00000|  0%| F|  |TAMS 0x0000000089a00000, 0x0000000089a00000| Untracked 
| 155|0x0000000089b00000, 0x0000000089c00000, 0x0000000089c00000|100%| O|  |TAMS 0x0000000089c00000, 0x0000000089c00000| Untracked 
| 156|0x0000000089c00000, 0x0000000089d00000, 0x0000000089d00000|100%| O|  |TAMS 0x0000000089d00000, 0x0000000089d00000| Untracked 
| 157|0x0000000089d00000, 0x0000000089e00000, 0x0000000089e00000|100%| O|  |TAMS 0x0000000089e00000, 0x0000000089e00000| Untracked 
| 158|0x0000000089e00000, 0x0000000089f00000, 0x0000000089f00000|100%| O|  |TAMS 0x0000000089f00000, 0x0000000089f00000| Untracked 
| 159|0x0000000089f00000, 0x0000000089f00000, 0x000000008a000000|  0%| F|  |TAMS 0x0000000089f00000, 0x0000000089f00000| Untracked 
| 160|0x000000008a000000, 0x000000008a100000, 0x000000008a100000|100%| O|  |TAMS 0x000000008a100000, 0x000000008a100000| Untracked 
| 161|0x000000008a100000, 0x000000008a100000, 0x000000008a200000|  0%| F|  |TAMS 0x000000008a100000, 0x000000008a100000| Untracked 
| 162|0x000000008a200000, 0x000000008a200000, 0x000000008a300000|  0%| F|  |TAMS 0x000000008a200000, 0x000000008a200000| Untracked 
| 163|0x000000008a300000, 0x000000008a300000, 0x000000008a400000|  0%| F|  |TAMS 0x000000008a300000, 0x000000008a300000| Untracked 
| 164|0x000000008a400000, 0x000000008a400000, 0x000000008a500000|  0%| F|  |TAMS 0x000000008a400000, 0x000000008a400000| Untracked 
| 165|0x000000008a500000, 0x000000008a500000, 0x000000008a600000|  0%| F|  |TAMS 0x000000008a500000, 0x000000008a500000| Untracked 
| 166|0x000000008a600000, 0x000000008a600000, 0x000000008a700000|  0%| F|  |TAMS 0x000000008a600000, 0x000000008a600000| Untracked 
| 167|0x000000008a700000, 0x000000008a700000, 0x000000008a800000|  0%| F|  |TAMS 0x000000008a700000, 0x000000008a700000| Untracked 
| 168|0x000000008a800000, 0x000000008a800000, 0x000000008a900000|  0%| F|  |TAMS 0x000000008a800000, 0x000000008a800000| Untracked 
| 169|0x000000008a900000, 0x000000008aa00000, 0x000000008aa00000|100%| O|  |TAMS 0x000000008aa00000, 0x000000008aa00000| Untracked 
| 170|0x000000008aa00000, 0x000000008ab00000, 0x000000008ab00000|100%| O|  |TAMS 0x000000008ab00000, 0x000000008ab00000| Untracked 
| 171|0x000000008ab00000, 0x000000008ac00000, 0x000000008ac00000|100%| O|  |TAMS 0x000000008ac00000, 0x000000008ac00000| Untracked 
| 172|0x000000008ac00000, 0x000000008ad00000, 0x000000008ad00000|100%| O|  |TAMS 0x000000008ad00000, 0x000000008ad00000| Untracked 
| 173|0x000000008ad00000, 0x000000008ad00000, 0x000000008ae00000|  0%| F|  |TAMS 0x000000008ad00000, 0x000000008ad00000| Untracked 
| 174|0x000000008ae00000, 0x000000008af00000, 0x000000008af00000|100%| O|  |TAMS 0x000000008af00000, 0x000000008af00000| Untracked 
| 175|0x000000008af00000, 0x000000008af00000, 0x000000008b000000|  0%| F|  |TAMS 0x000000008af00000, 0x000000008af00000| Untracked 
| 176|0x000000008b000000, 0x000000008b100000, 0x000000008b100000|100%| O|  |TAMS 0x000000008b100000, 0x000000008b100000| Untracked 
| 177|0x000000008b100000, 0x000000008b200000, 0x000000008b200000|100%| O|  |TAMS 0x000000008b200000, 0x000000008b200000| Untracked 
| 178|0x000000008b200000, 0x000000008b300000, 0x000000008b300000|100%| O|  |TAMS 0x000000008b300000, 0x000000008b300000| Untracked 
| 179|0x000000008b300000, 0x000000008b400000, 0x000000008b400000|100%| O|  |TAMS 0x000000008b400000, 0x000000008b400000| Untracked 
| 180|0x000000008b400000, 0x000000008b500000, 0x000000008b500000|100%| O|  |TAMS 0x000000008b500000, 0x000000008b500000| Untracked 
| 181|0x000000008b500000, 0x000000008b600000, 0x000000008b600000|100%| O|  |TAMS 0x000000008b600000, 0x000000008b600000| Untracked 
| 182|0x000000008b600000, 0x000000008b700000, 0x000000008b700000|100%| O|  |TAMS 0x000000008b700000, 0x000000008b700000| Untracked 
| 183|0x000000008b700000, 0x000000008b800000, 0x000000008b800000|100%| O|  |TAMS 0x000000008b800000, 0x000000008b800000| Untracked 
| 184|0x000000008b800000, 0x000000008b800000, 0x000000008b900000|  0%| F|  |TAMS 0x000000008b800000, 0x000000008b800000| Untracked 
| 185|0x000000008b900000, 0x000000008ba00000, 0x000000008ba00000|100%| O|  |TAMS 0x000000008ba00000, 0x000000008ba00000| Untracked 
| 186|0x000000008ba00000, 0x000000008bb00000, 0x000000008bb00000|100%| O|  |TAMS 0x000000008bb00000, 0x000000008bb00000| Untracked 
| 187|0x000000008bb00000, 0x000000008bb00000, 0x000000008bc00000|  0%| F|  |TAMS 0x000000008bb00000, 0x000000008bb00000| Untracked 
| 188|0x000000008bc00000, 0x000000008bc00000, 0x000000008bd00000|  0%| F|  |TAMS 0x000000008bc00000, 0x000000008bc00000| Untracked 
| 189|0x000000008bd00000, 0x000000008be00000, 0x000000008be00000|100%| O|  |TAMS 0x000000008be00000, 0x000000008be00000| Untracked 
| 190|0x000000008be00000, 0x000000008bf00000, 0x000000008bf00000|100%| O|  |TAMS 0x000000008bf00000, 0x000000008bf00000| Untracked 
| 191|0x000000008bf00000, 0x000000008bf00000, 0x000000008c000000|  0%| F|  |TAMS 0x000000008bf00000, 0x000000008bf00000| Untracked 
| 192|0x000000008c000000, 0x000000008c000000, 0x000000008c100000|  0%| F|  |TAMS 0x000000008c000000, 0x000000008c000000| Untracked 
| 193|0x000000008c100000, 0x000000008c100000, 0x000000008c200000|  0%| F|  |TAMS 0x000000008c100000, 0x000000008c100000| Untracked 
| 194|0x000000008c200000, 0x000000008c200000, 0x000000008c300000|  0%| F|  |TAMS 0x000000008c200000, 0x000000008c200000| Untracked 
| 195|0x000000008c300000, 0x000000008c300000, 0x000000008c400000|  0%| F|  |TAMS 0x000000008c300000, 0x000000008c300000| Untracked 
| 196|0x000000008c400000, 0x000000008c400000, 0x000000008c500000|  0%| F|  |TAMS 0x000000008c400000, 0x000000008c400000| Untracked 
| 197|0x000000008c500000, 0x000000008c500000, 0x000000008c600000|  0%| F|  |TAMS 0x000000008c500000, 0x000000008c500000| Untracked 
| 198|0x000000008c600000, 0x000000008c600000, 0x000000008c700000|  0%| F|  |TAMS 0x000000008c600000, 0x000000008c600000| Untracked 
| 199|0x000000008c700000, 0x000000008c700000, 0x000000008c800000|  0%| F|  |TAMS 0x000000008c700000, 0x000000008c700000| Untracked 
| 200|0x000000008c800000, 0x000000008c800000, 0x000000008c900000|  0%| F|  |TAMS 0x000000008c800000, 0x000000008c800000| Untracked 
| 201|0x000000008c900000, 0x000000008c900000, 0x000000008ca00000|  0%| F|  |TAMS 0x000000008c900000, 0x000000008c900000| Untracked 
| 202|0x000000008ca00000, 0x000000008ca00000, 0x000000008cb00000|  0%| F|  |TAMS 0x000000008ca00000, 0x000000008ca00000| Untracked 
| 203|0x000000008cb00000, 0x000000008cb00000, 0x000000008cc00000|  0%| F|  |TAMS 0x000000008cb00000, 0x000000008cb00000| Untracked 
| 204|0x000000008cc00000, 0x000000008cc00000, 0x000000008cd00000|  0%| F|  |TAMS 0x000000008cc00000, 0x000000008cc00000| Untracked 
| 205|0x000000008cd00000, 0x000000008cd00000, 0x000000008ce00000|  0%| F|  |TAMS 0x000000008cd00000, 0x000000008cd00000| Untracked 
| 206|0x000000008ce00000, 0x000000008ce00000, 0x000000008cf00000|  0%| F|  |TAMS 0x000000008ce00000, 0x000000008ce00000| Untracked 
| 207|0x000000008cf00000, 0x000000008cf00000, 0x000000008d000000|  0%| F|  |TAMS 0x000000008cf00000, 0x000000008cf00000| Untracked 
| 208|0x000000008d000000, 0x000000008d000000, 0x000000008d100000|  0%| F|  |TAMS 0x000000008d000000, 0x000000008d000000| Untracked 
| 209|0x000000008d100000, 0x000000008d100000, 0x000000008d200000|  0%| F|  |TAMS 0x000000008d100000, 0x000000008d100000| Untracked 
| 210|0x000000008d200000, 0x000000008d200000, 0x000000008d300000|  0%| F|  |TAMS 0x000000008d200000, 0x000000008d200000| Untracked 
| 211|0x000000008d300000, 0x000000008d300000, 0x000000008d400000|  0%| F|  |TAMS 0x000000008d300000, 0x000000008d300000| Untracked 
| 212|0x000000008d400000, 0x000000008d400000, 0x000000008d500000|  0%| F|  |TAMS 0x000000008d400000, 0x000000008d400000| Untracked 
| 213|0x000000008d500000, 0x000000008d500000, 0x000000008d600000|  0%| F|  |TAMS 0x000000008d500000, 0x000000008d500000| Untracked 
| 214|0x000000008d600000, 0x000000008d600000, 0x000000008d700000|  0%| F|  |TAMS 0x000000008d600000, 0x000000008d600000| Untracked 
| 215|0x000000008d700000, 0x000000008d700000, 0x000000008d800000|  0%| F|  |TAMS 0x000000008d700000, 0x000000008d700000| Untracked 
| 216|0x000000008d800000, 0x000000008d800000, 0x000000008d900000|  0%| F|  |TAMS 0x000000008d800000, 0x000000008d800000| Untracked 
| 217|0x000000008d900000, 0x000000008d900000, 0x000000008da00000|  0%| F|  |TAMS 0x000000008d900000, 0x000000008d900000| Untracked 
| 218|0x000000008da00000, 0x000000008da00000, 0x000000008db00000|  0%| F|  |TAMS 0x000000008da00000, 0x000000008da00000| Untracked 
| 219|0x000000008db00000, 0x000000008db00000, 0x000000008dc00000|  0%| F|  |TAMS 0x000000008db00000, 0x000000008db00000| Untracked 
| 220|0x000000008dc00000, 0x000000008dc00000, 0x000000008dd00000|  0%| F|  |TAMS 0x000000008dc00000, 0x000000008dc00000| Untracked 
| 221|0x000000008dd00000, 0x000000008dd00000, 0x000000008de00000|  0%| F|  |TAMS 0x000000008dd00000, 0x000000008dd00000| Untracked 
| 222|0x000000008de00000, 0x000000008de00000, 0x000000008df00000|  0%| F|  |TAMS 0x000000008de00000, 0x000000008de00000| Untracked 
| 223|0x000000008df00000, 0x000000008df00000, 0x000000008e000000|  0%| F|  |TAMS 0x000000008df00000, 0x000000008df00000| Untracked 
| 224|0x000000008e000000, 0x000000008e000000, 0x000000008e100000|  0%| F|  |TAMS 0x000000008e000000, 0x000000008e000000| Untracked 
| 225|0x000000008e100000, 0x000000008e100000, 0x000000008e200000|  0%| F|  |TAMS 0x000000008e100000, 0x000000008e100000| Untracked 
| 226|0x000000008e200000, 0x000000008e200000, 0x000000008e300000|  0%| F|  |TAMS 0x000000008e200000, 0x000000008e200000| Untracked 
| 227|0x000000008e300000, 0x000000008e300000, 0x000000008e400000|  0%| F|  |TAMS 0x000000008e300000, 0x000000008e300000| Untracked 
| 228|0x000000008e400000, 0x000000008e400000, 0x000000008e500000|  0%| F|  |TAMS 0x000000008e400000, 0x000000008e400000| Untracked 
| 229|0x000000008e500000, 0x000000008e500000, 0x000000008e600000|  0%| F|  |TAMS 0x000000008e500000, 0x000000008e500000| Untracked 
| 230|0x000000008e600000, 0x000000008e600000, 0x000000008e700000|  0%| F|  |TAMS 0x000000008e600000, 0x000000008e600000| Untracked 
| 231|0x000000008e700000, 0x000000008e700000, 0x000000008e800000|  0%| F|  |TAMS 0x000000008e700000, 0x000000008e700000| Untracked 
| 232|0x000000008e800000, 0x000000008e800000, 0x000000008e900000|  0%| F|  |TAMS 0x000000008e800000, 0x000000008e800000| Untracked 
| 233|0x000000008e900000, 0x000000008e900000, 0x000000008ea00000|  0%| F|  |TAMS 0x000000008e900000, 0x000000008e900000| Untracked 
| 234|0x000000008ea00000, 0x000000008ea00000, 0x000000008eb00000|  0%| F|  |TAMS 0x000000008ea00000, 0x000000008ea00000| Untracked 
| 235|0x000000008eb00000, 0x000000008eb00000, 0x000000008ec00000|  0%| F|  |TAMS 0x000000008eb00000, 0x000000008eb00000| Untracked 
| 236|0x000000008ec00000, 0x000000008ec00000, 0x000000008ed00000|  0%| F|  |TAMS 0x000000008ec00000, 0x000000008ec00000| Untracked 
| 237|0x000000008ed00000, 0x000000008ed00000, 0x000000008ee00000|  0%| F|  |TAMS 0x000000008ed00000, 0x000000008ed00000| Untracked 
| 238|0x000000008ee00000, 0x000000008ee00000, 0x000000008ef00000|  0%| F|  |TAMS 0x000000008ee00000, 0x000000008ee00000| Untracked 
| 239|0x000000008ef00000, 0x000000008ef00000, 0x000000008f000000|  0%| F|  |TAMS 0x000000008ef00000, 0x000000008ef00000| Untracked 
| 240|0x000000008f000000, 0x000000008f000000, 0x000000008f100000|  0%| F|  |TAMS 0x000000008f000000, 0x000000008f000000| Untracked 
| 241|0x000000008f100000, 0x000000008f100000, 0x000000008f200000|  0%| F|  |TAMS 0x000000008f100000, 0x000000008f100000| Untracked 
| 242|0x000000008f200000, 0x000000008f200000, 0x000000008f300000|  0%| F|  |TAMS 0x000000008f200000, 0x000000008f200000| Untracked 
| 243|0x000000008f300000, 0x000000008f300000, 0x000000008f400000|  0%| F|  |TAMS 0x000000008f300000, 0x000000008f300000| Untracked 
| 244|0x000000008f400000, 0x000000008f400000, 0x000000008f500000|  0%| F|  |TAMS 0x000000008f400000, 0x000000008f400000| Untracked 
| 245|0x000000008f500000, 0x000000008f500000, 0x000000008f600000|  0%| F|  |TAMS 0x000000008f500000, 0x000000008f500000| Untracked 
| 246|0x000000008f600000, 0x000000008f600000, 0x000000008f700000|  0%| F|  |TAMS 0x000000008f600000, 0x000000008f600000| Untracked 
| 247|0x000000008f700000, 0x000000008f700000, 0x000000008f800000|  0%| F|  |TAMS 0x000000008f700000, 0x000000008f700000| Untracked 
| 248|0x000000008f800000, 0x000000008f800000, 0x000000008f900000|  0%| F|  |TAMS 0x000000008f800000, 0x000000008f800000| Untracked 
| 249|0x000000008f900000, 0x000000008f900000, 0x000000008fa00000|  0%| F|  |TAMS 0x000000008f900000, 0x000000008f900000| Untracked 
| 250|0x000000008fa00000, 0x000000008fa00000, 0x000000008fb00000|  0%| F|  |TAMS 0x000000008fa00000, 0x000000008fa00000| Untracked 
| 251|0x000000008fb00000, 0x000000008fb00000, 0x000000008fc00000|  0%| F|  |TAMS 0x000000008fb00000, 0x000000008fb00000| Untracked 
| 252|0x000000008fc00000, 0x000000008fc00000, 0x000000008fd00000|  0%| F|  |TAMS 0x000000008fc00000, 0x000000008fc00000| Untracked 
| 253|0x000000008fd00000, 0x000000008fd00000, 0x000000008fe00000|  0%| F|  |TAMS 0x000000008fd00000, 0x000000008fd00000| Untracked 
| 254|0x000000008fe00000, 0x000000008fe00000, 0x000000008ff00000|  0%| F|  |TAMS 0x000000008fe00000, 0x000000008fe00000| Untracked 
| 255|0x000000008ff00000, 0x000000008ff00000, 0x0000000090000000|  0%| F|  |TAMS 0x000000008ff00000, 0x000000008ff00000| Untracked 
| 256|0x0000000090000000, 0x0000000090000000, 0x0000000090100000|  0%| F|  |TAMS 0x0000000090000000, 0x0000000090000000| Untracked 
| 257|0x0000000090100000, 0x0000000090100000, 0x0000000090200000|  0%| F|  |TAMS 0x0000000090100000, 0x0000000090100000| Untracked 
| 258|0x0000000090200000, 0x0000000090200000, 0x0000000090300000|  0%| F|  |TAMS 0x0000000090200000, 0x0000000090200000| Untracked 
| 259|0x0000000090300000, 0x0000000090300000, 0x0000000090400000|  0%| F|  |TAMS 0x0000000090300000, 0x0000000090300000| Untracked 
| 260|0x0000000090400000, 0x0000000090400000, 0x0000000090500000|  0%| F|  |TAMS 0x0000000090400000, 0x0000000090400000| Untracked 
| 261|0x0000000090500000, 0x0000000090500000, 0x0000000090600000|  0%| F|  |TAMS 0x0000000090500000, 0x0000000090500000| Untracked 
| 262|0x0000000090600000, 0x0000000090690c98, 0x0000000090700000| 56%| S|CS|TAMS 0x0000000090600000, 0x0000000090600000| Complete 
| 263|0x0000000090700000, 0x0000000090800000, 0x0000000090800000|100%| S|CS|TAMS 0x0000000090700000, 0x0000000090700000| Complete 
| 264|0x0000000090800000, 0x0000000090900000, 0x0000000090900000|100%| S|CS|TAMS 0x0000000090800000, 0x0000000090800000| Complete 
| 265|0x0000000090900000, 0x0000000090a00000, 0x0000000090a00000|100%| S|CS|TAMS 0x0000000090900000, 0x0000000090900000| Complete 
| 266|0x0000000090a00000, 0x0000000090b00000, 0x0000000090b00000|100%| S|CS|TAMS 0x0000000090a00000, 0x0000000090a00000| Complete 
| 267|0x0000000090b00000, 0x0000000090c00000, 0x0000000090c00000|100%| S|CS|TAMS 0x0000000090b00000, 0x0000000090b00000| Complete 
| 268|0x0000000090c00000, 0x0000000090d00000, 0x0000000090d00000|100%| S|CS|TAMS 0x0000000090c00000, 0x0000000090c00000| Complete 
| 269|0x0000000090d00000, 0x0000000090e00000, 0x0000000090e00000|100%| S|CS|TAMS 0x0000000090d00000, 0x0000000090d00000| Complete 
| 270|0x0000000090e00000, 0x0000000090e00000, 0x0000000090f00000|  0%| F|  |TAMS 0x0000000090e00000, 0x0000000090e00000| Untracked 
| 271|0x0000000090f00000, 0x0000000090f00000, 0x0000000091000000|  0%| F|  |TAMS 0x0000000090f00000, 0x0000000090f00000| Untracked 
| 272|0x0000000091000000, 0x0000000091000000, 0x0000000091100000|  0%| F|  |TAMS 0x0000000091000000, 0x0000000091000000| Untracked 
| 273|0x0000000091100000, 0x0000000091100000, 0x0000000091200000|  0%| F|  |TAMS 0x0000000091100000, 0x0000000091100000| Untracked 
| 274|0x0000000091200000, 0x0000000091200000, 0x0000000091300000|  0%| F|  |TAMS 0x0000000091200000, 0x0000000091200000| Untracked 
| 275|0x0000000091300000, 0x0000000091300000, 0x0000000091400000|  0%| F|  |TAMS 0x0000000091300000, 0x0000000091300000| Untracked 
| 276|0x0000000091400000, 0x0000000091400000, 0x0000000091500000|  0%| F|  |TAMS 0x0000000091400000, 0x0000000091400000| Untracked 
| 277|0x0000000091500000, 0x0000000091500000, 0x0000000091600000|  0%| F|  |TAMS 0x0000000091500000, 0x0000000091500000| Untracked 
| 278|0x0000000091600000, 0x0000000091600000, 0x0000000091700000|  0%| F|  |TAMS 0x0000000091600000, 0x0000000091600000| Untracked 
| 279|0x0000000091700000, 0x0000000091700000, 0x0000000091800000|  0%| F|  |TAMS 0x0000000091700000, 0x0000000091700000| Untracked 
| 280|0x0000000091800000, 0x0000000091800000, 0x0000000091900000|  0%| F|  |TAMS 0x0000000091800000, 0x0000000091800000| Untracked 
| 281|0x0000000091900000, 0x0000000091900000, 0x0000000091a00000|  0%| F|  |TAMS 0x0000000091900000, 0x0000000091900000| Untracked 
| 282|0x0000000091a00000, 0x0000000091a00000, 0x0000000091b00000|  0%| F|  |TAMS 0x0000000091a00000, 0x0000000091a00000| Untracked 
| 283|0x0000000091b00000, 0x0000000091b00000, 0x0000000091c00000|  0%| F|  |TAMS 0x0000000091b00000, 0x0000000091b00000| Untracked 
| 284|0x0000000091c00000, 0x0000000091c00000, 0x0000000091d00000|  0%| F|  |TAMS 0x0000000091c00000, 0x0000000091c00000| Untracked 
| 285|0x0000000091d00000, 0x0000000091d00000, 0x0000000091e00000|  0%| F|  |TAMS 0x0000000091d00000, 0x0000000091d00000| Untracked 
| 286|0x0000000091e00000, 0x0000000091e00000, 0x0000000091f00000|  0%| F|  |TAMS 0x0000000091e00000, 0x0000000091e00000| Untracked 
| 287|0x0000000091f00000, 0x0000000091f00000, 0x0000000092000000|  0%| F|  |TAMS 0x0000000091f00000, 0x0000000091f00000| Untracked 
| 288|0x0000000092000000, 0x0000000092000000, 0x0000000092100000|  0%| F|  |TAMS 0x0000000092000000, 0x0000000092000000| Untracked 
| 289|0x0000000092100000, 0x0000000092100000, 0x0000000092200000|  0%| F|  |TAMS 0x0000000092100000, 0x0000000092100000| Untracked 
| 290|0x0000000092200000, 0x0000000092200000, 0x0000000092300000|  0%| F|  |TAMS 0x0000000092200000, 0x0000000092200000| Untracked 
| 291|0x0000000092300000, 0x0000000092300000, 0x0000000092400000|  0%| F|  |TAMS 0x0000000092300000, 0x0000000092300000| Untracked 
| 292|0x0000000092400000, 0x0000000092400000, 0x0000000092500000|  0%| F|  |TAMS 0x0000000092400000, 0x0000000092400000| Untracked 
| 293|0x0000000092500000, 0x0000000092500000, 0x0000000092600000|  0%| F|  |TAMS 0x0000000092500000, 0x0000000092500000| Untracked 
| 294|0x0000000092600000, 0x0000000092600000, 0x0000000092700000|  0%| F|  |TAMS 0x0000000092600000, 0x0000000092600000| Untracked 
| 295|0x0000000092700000, 0x0000000092700000, 0x0000000092800000|  0%| F|  |TAMS 0x0000000092700000, 0x0000000092700000| Untracked 
| 296|0x0000000092800000, 0x0000000092800000, 0x0000000092900000|  0%| F|  |TAMS 0x0000000092800000, 0x0000000092800000| Untracked 

Card table byte_map: [0x0000021280400000,0x0000021280800000] _byte_map_base: 0x0000021280000000

Marking Bits (Prev, Next): (CMBitMap*) 0x00000212ed46fce8, (CMBitMap*) 0x00000212ed46fd20
 Prev Bits: [0x0000021280c00000, 0x0000021282c00000)
 Next Bits: [0x0000021282c00000, 0x0000021284c00000)

Polling page: 0x00000212eb3d0000

Metaspace:

Usage:
  Non-class:    131.55 MB capacity,   129.07 MB ( 98%) used,     1.99 MB (  2%) free+waste,   499.44 KB ( <1%) overhead. 
      Class:     18.64 MB capacity,    17.26 MB ( 93%) used,     1.18 MB (  6%) free+waste,   207.94 KB (  1%) overhead. 
       Both:    150.19 MB capacity,   146.33 MB ( 97%) used,     3.17 MB (  2%) free+waste,   707.38 KB ( <1%) overhead. 

Virtual space:
  Non-class space:      138.00 MB reserved,     136.79 MB (>99%) committed 
      Class space:        1.00 GB reserved,      20.57 MB (  2%) committed 
             Both:        1.13 GB reserved,     157.36 MB ( 14%) committed 

Chunk freelists:
   Non-Class:  5.24 MB
       Class:  1.89 MB
        Both:  7.12 MB

MaxMetaspaceSize: 17179869184.00 GB
CompressedClassSpaceSize: 1.00 GB

CodeHeap 'non-profiled nmethods': size=120064Kb used=27947Kb max_used=27947Kb free=92116Kb
 bounds [0x00000212f89e0000, 0x00000212fa530000, 0x00000212fff20000]
CodeHeap 'profiled nmethods': size=120000Kb used=64079Kb max_used=66313Kb free=55921Kb
 bounds [0x00000212f14b0000, 0x00000212f55d0000, 0x00000212f89e0000]
CodeHeap 'non-nmethods': size=5696Kb used=2394Kb max_used=2479Kb free=3301Kb
 bounds [0x00000212f0f20000, 0x00000212f11a0000, 0x00000212f14b0000]
 total_blobs=29724 nmethods=28691 adapters=943
 compilation: enabled
              stopped_count=0, restarted_count=0
 full_count=0

Compilation events (20 events):
Event: 3692.559 Thread 0x00000212870f0800 37452       2       com.android.tools.r8.internal.Rg::get (37 bytes)
Event: 3692.559 Thread 0x00000212870f0800 nmethod 37452 0x00000212f1d74c10 code [0x00000212f1d74dc0, 0x00000212f1d74fb8]
Event: 3692.559 Thread 0x00000212870f0800 37453       2       com.android.tools.r8.graph.E$b::hashCode (15 bytes)
Event: 3692.560 Thread 0x00000212870f0800 nmethod 37453 0x00000212f1d9aa10 code [0x00000212f1d9abe0, 0x00000212f1d9ae98]
Event: 3692.562 Thread 0x00000212870f0800 37454       2       com.android.tools.r8.utils.V::a (12 bytes)
Event: 3692.562 Thread 0x00000212870f0800 nmethod 37454 0x00000212f1d9a190 code [0x00000212f1d9a360, 0x00000212f1d9a738]
Event: 3692.562 Thread 0x00000212870f0800 37455       2       com.android.tools.r8.utils.V$$Lambda$2076/0x0000000101035040::forEach (11 bytes)
Event: 3692.563 Thread 0x00000212870f0800 nmethod 37455 0x00000212f1c9c190 code [0x00000212f1c9c340, 0x00000212f1c9c468]
Event: 3692.575 Thread 0x00000212870f0800 37459       2       com.android.tools.r8.internal.No::a (101 bytes)
Event: 3692.576 Thread 0x00000212870f0800 nmethod 37459 0x00000212f1da8f90 code [0x00000212f1da9160, 0x00000212f1da93b8]
Event: 3692.609 Thread 0x00000212870f0800 37464       2       java.util.IdentityHashMap$EntrySet::toArray (153 bytes)
Event: 3692.611 Thread 0x00000212870f0800 nmethod 37464 0x00000212f1ddca10 code [0x00000212f1ddcc40, 0x00000212f1ddd338]
Event: 3692.617 Thread 0x00000212870f0800 37465 %     3       com.android.tools.r8.graph.d0::T @ 2 (24 bytes)
Event: 3692.617 Thread 0x00000212870f0800 nmethod 37465% 0x00000212f1dad210 code [0x00000212f1dad3e0, 0x00000212f1dad5f8]
Event: 3692.623 Thread 0x00000212870f0800 37466       2       com.android.tools.r8.graph.P::a (85 bytes)
Event: 3692.624 Thread 0x00000212870f0800 nmethod 37466 0x00000212f1dddb90 code [0x00000212f1dddde0, 0x00000212f1dde208]
Event: 3692.624 Thread 0x00000212870f0800 37467       2       com.android.tools.r8.graph.E$$Lambda$2602/0x0000000101089040::a (5 bytes)
Event: 3692.625 Thread 0x00000212870f0800 nmethod 37467 0x00000212f1d25190 code [0x00000212f1d25340, 0x00000212f1d25448]
Event: 3692.625 Thread 0x00000212870f0800 37468       2       com.android.tools.r8.synthesis.k::a (211 bytes)
Event: 3692.628 Thread 0x00000212870f0800 nmethod 37468 0x00000212f1f0cd10 code [0x00000212f1f0cfc0, 0x00000212f1f0d948]

GC Heap History (20 events):
Event: 3685.477 GC heap after
{Heap after GC invocations=252 (full 0):
 garbage-first heap   total 304128K, used 167567K [0x0000000080000000, 0x0000000100000000)
  region size 1024K, 2 young (2048K), 2 survivors (2048K)
 Metaspace       used 149770K, capacity 153726K, committed 161136K, reserved 1189888K
  class space    used 17677K, capacity 19092K, committed 21068K, reserved 1048576K
}
Event: 3685.932 GC heap before
{Heap before GC invocations=252 (full 0):
 garbage-first heap   total 304128K, used 179855K [0x0000000080000000, 0x0000000100000000)
  region size 1024K, 14 young (14336K), 2 survivors (2048K)
 Metaspace       used 149770K, capacity 153726K, committed 161136K, reserved 1189888K
  class space    used 17677K, capacity 19092K, committed 21068K, reserved 1048576K
}
Event: 3686.244 GC heap after
{Heap after GC invocations=253 (full 0):
 garbage-first heap   total 304128K, used 172032K [0x0000000080000000, 0x0000000100000000)
  region size 1024K, 2 young (2048K), 2 survivors (2048K)
 Metaspace       used 149770K, capacity 153726K, committed 161136K, reserved 1189888K
  class space    used 17677K, capacity 19092K, committed 21068K, reserved 1048576K
}
Event: 3687.077 GC heap before
{Heap before GC invocations=253 (full 0):
 garbage-first heap   total 304128K, used 184320K [0x0000000080000000, 0x0000000100000000)
  region size 1024K, 14 young (14336K), 2 survivors (2048K)
 Metaspace       used 149772K, capacity 153726K, committed 161136K, reserved 1189888K
  class space    used 17677K, capacity 19092K, committed 21068K, reserved 1048576K
}
Event: 3687.105 GC heap after
{Heap after GC invocations=254 (full 0):
 garbage-first heap   total 304128K, used 174678K [0x0000000080000000, 0x0000000100000000)
  region size 1024K, 2 young (2048K), 2 survivors (2048K)
 Metaspace       used 149772K, capacity 153726K, committed 161136K, reserved 1189888K
  class space    used 17677K, capacity 19092K, committed 21068K, reserved 1048576K
}
Event: 3687.743 GC heap before
{Heap before GC invocations=254 (full 0):
 garbage-first heap   total 304128K, used 202326K [0x0000000080000000, 0x0000000100000000)
  region size 1024K, 29 young (29696K), 2 survivors (2048K)
 Metaspace       used 149772K, capacity 153726K, committed 161136K, reserved 1189888K
  class space    used 17677K, capacity 19092K, committed 21068K, reserved 1048576K
}
Event: 3687.754 GC heap after
{Heap after GC invocations=255 (full 0):
 garbage-first heap   total 304128K, used 175891K [0x0000000080000000, 0x0000000100000000)
  region size 1024K, 4 young (4096K), 4 survivors (4096K)
 Metaspace       used 149772K, capacity 153726K, committed 161136K, reserved 1189888K
  class space    used 17677K, capacity 19092K, committed 21068K, reserved 1048576K
}
Event: 3688.295 GC heap before
{Heap before GC invocations=256 (full 0):
 garbage-first heap   total 304128K, used 204563K [0x0000000080000000, 0x0000000100000000)
  region size 1024K, 33 young (33792K), 4 survivors (4096K)
 Metaspace       used 149776K, capacity 153726K, committed 161136K, reserved 1189888K
  class space    used 17677K, capacity 19092K, committed 21068K, reserved 1048576K
}
Event: 3688.312 GC heap after
{Heap after GC invocations=257 (full 0):
 garbage-first heap   total 304128K, used 174877K [0x0000000080000000, 0x0000000100000000)
  region size 1024K, 2 young (2048K), 2 survivors (2048K)
 Metaspace       used 149776K, capacity 153726K, committed 161136K, reserved 1189888K
  class space    used 17677K, capacity 19092K, committed 21068K, reserved 1048576K
}
Event: 3688.499 GC heap before
{Heap before GC invocations=257 (full 0):
 garbage-first heap   total 304128K, used 187165K [0x0000000080000000, 0x0000000100000000)
  region size 1024K, 14 young (14336K), 2 survivors (2048K)
 Metaspace       used 149777K, capacity 153726K, committed 161136K, reserved 1189888K
  class space    used 17677K, capacity 19092K, committed 21068K, reserved 1048576K
}
Event: 3688.530 GC heap after
{Heap after GC invocations=258 (full 0):
 garbage-first heap   total 304128K, used 164189K [0x0000000080000000, 0x0000000100000000)
  region size 1024K, 1 young (1024K), 1 survivors (1024K)
 Metaspace       used 149777K, capacity 153726K, committed 161136K, reserved 1189888K
  class space    used 17677K, capacity 19092K, committed 21068K, reserved 1048576K
}
Event: 3688.867 GC heap before
{Heap before GC invocations=258 (full 0):
 garbage-first heap   total 304128K, used 177501K [0x0000000080000000, 0x0000000100000000)
  region size 1024K, 14 young (14336K), 1 survivors (1024K)
 Metaspace       used 149811K, capacity 153726K, committed 161136K, reserved 1189888K
  class space    used 17677K, capacity 19092K, committed 21068K, reserved 1048576K
}
Event: 3688.887 GC heap after
{Heap after GC invocations=259 (full 0):
 garbage-first heap   total 304128K, used 163137K [0x0000000080000000, 0x0000000100000000)
  region size 1024K, 1 young (1024K), 1 survivors (1024K)
 Metaspace       used 149811K, capacity 153726K, committed 161136K, reserved 1189888K
  class space    used 17677K, capacity 19092K, committed 21068K, reserved 1048576K
}
Event: 3689.592 GC heap before
{Heap before GC invocations=259 (full 0):
 garbage-first heap   total 304128K, used 186689K [0x0000000080000000, 0x0000000100000000)
  region size 1024K, 26 young (26624K), 1 survivors (1024K)
 Metaspace       used 149815K, capacity 153790K, committed 161136K, reserved 1189888K
  class space    used 17677K, capacity 19092K, committed 21068K, reserved 1048576K
}
Event: 3689.600 GC heap after
{Heap after GC invocations=260 (full 0):
 garbage-first heap   total 304128K, used 166916K [0x0000000080000000, 0x0000000100000000)
  region size 1024K, 5 young (5120K), 5 survivors (5120K)
 Metaspace       used 149815K, capacity 153790K, committed 161136K, reserved 1189888K
  class space    used 17677K, capacity 19092K, committed 21068K, reserved 1048576K
}
Event: 3692.360 GC heap before
{Heap before GC invocations=261 (full 0):
 garbage-first heap   total 304128K, used 212996K [0x0000000080000000, 0x0000000100000000)
  region size 1024K, 49 young (50176K), 5 survivors (5120K)
 Metaspace       used 149821K, capacity 153790K, committed 161136K, reserved 1189888K
  class space    used 17678K, capacity 19092K, committed 21068K, reserved 1048576K
}
Event: 3692.371 GC heap after
{Heap after GC invocations=262 (full 0):
 garbage-first heap   total 304128K, used 166942K [0x0000000080000000, 0x0000000100000000)
  region size 1024K, 4 young (4096K), 4 survivors (4096K)
 Metaspace       used 149821K, capacity 153790K, committed 161136K, reserved 1189888K
  class space    used 17678K, capacity 19092K, committed 21068K, reserved 1048576K
}
Event: 3692.412 GC heap before
{Heap before GC invocations=262 (full 0):
 garbage-first heap   total 304128K, used 177182K [0x0000000080000000, 0x0000000100000000)
  region size 1024K, 14 young (14336K), 4 survivors (4096K)
 Metaspace       used 149821K, capacity 153790K, committed 161136K, reserved 1189888K
  class space    used 17678K, capacity 19092K, committed 21068K, reserved 1048576K
}
Event: 3692.431 GC heap after
{Heap after GC invocations=263 (full 0):
 garbage-first heap   total 304128K, used 167481K [0x0000000080000000, 0x0000000100000000)
  region size 1024K, 2 young (2048K), 2 survivors (2048K)
 Metaspace       used 149821K, capacity 153790K, committed 161136K, reserved 1189888K
  class space    used 17678K, capacity 19092K, committed 21068K, reserved 1048576K
}
Event: 3692.634 GC heap before
{Heap before GC invocations=263 (full 0):
 garbage-first heap   total 304128K, used 191033K [0x0000000080000000, 0x0000000100000000)
  region size 1024K, 27 young (27648K), 2 survivors (2048K)
 Metaspace       used 149844K, capacity 153799K, committed 161136K, reserved 1189888K
  class space    used 17678K, capacity 19092K, committed 21068K, reserved 1048576K
}

Deoptimization events (20 events):
Event: 3689.328 Thread 0x000002128a0f4000 DEOPT PACKING pc=0x00000212f47d9cdb sp=0x000000b977ffc7e0
Event: 3689.328 Thread 0x000002128a0f4000 DEOPT UNPACKING pc=0x00000212f0f476ce sp=0x000000b977ffbd48 mode 0
Event: 3689.362 Thread 0x000002128e4b9800 DEOPT PACKING pc=0x00000212f4203abb sp=0x000000b9779fc690
Event: 3689.362 Thread 0x000002128e4b9800 DEOPT UNPACKING pc=0x00000212f0f476ce sp=0x000000b9779fbd70 mode 0
Event: 3689.675 Thread 0x000002128e4b9800 DEOPT PACKING pc=0x00000212f4771f85 sp=0x000000b9779fd920
Event: 3689.896 Thread 0x000002128e4b9800 DEOPT UNPACKING pc=0x00000212f0f476ce sp=0x000000b9779fced8 mode 0
Event: 3692.379 Thread 0x000002128e4b9800 DEOPT PACKING pc=0x00000212f4955e55 sp=0x000000b9779fd2b0
Event: 3692.379 Thread 0x000002128e4b9800 DEOPT UNPACKING pc=0x00000212f0f476ce sp=0x000000b9779fc8b0 mode 0
Event: 3692.439 Thread 0x000002128e4ae000 DEOPT PACKING pc=0x00000212f4955e55 sp=0x000000b9768fcdf0
Event: 3692.439 Thread 0x000002128e4ae000 DEOPT UNPACKING pc=0x00000212f0f476ce sp=0x000000b9768fc3f0 mode 0
Event: 3692.445 Thread 0x000002128e4ae000 DEOPT PACKING pc=0x00000212f4955e55 sp=0x000000b9768fcdf0
Event: 3692.445 Thread 0x000002128e4ae000 DEOPT UNPACKING pc=0x00000212f0f476ce sp=0x000000b9768fc3f0 mode 0
Event: 3692.453 Thread 0x000002128e4ae000 DEOPT PACKING pc=0x00000212f4955e55 sp=0x000000b9768fcdf0
Event: 3692.453 Thread 0x000002128e4ae000 DEOPT UNPACKING pc=0x00000212f0f476ce sp=0x000000b9768fc3f0 mode 0
Event: 3692.557 Thread 0x000002128e4ae800 DEOPT PACKING pc=0x00000212f4955e55 sp=0x000000b9778fd2a0
Event: 3692.557 Thread 0x000002128e4ae800 DEOPT UNPACKING pc=0x00000212f0f476ce sp=0x000000b9778fc8a0 mode 0
Event: 3692.567 Thread 0x000002128e4b9800 DEOPT PACKING pc=0x00000212f1a8da3c sp=0x000000b9779fcf40
Event: 3692.567 Thread 0x000002128e4b9800 DEOPT UNPACKING pc=0x00000212f0f476ce sp=0x000000b9779fc430 mode 0
Event: 3692.617 Thread 0x000002128e4ae800 DEOPT PACKING pc=0x00000212f4325e98 sp=0x000000b9778fced0
Event: 3692.617 Thread 0x000002128e4ae800 DEOPT UNPACKING pc=0x00000212f0f476ce sp=0x000000b9778fc3b8 mode 0

Classes redefined (0 events):
No events

Internal exceptions (20 events):
Event: 3691.507 Thread 0x000002128e4ae800 Exception <a 'sun/nio/fs/WindowsException'{0x00000000910ee4d0}> (0x00000000910ee4d0) thrown at [./src/hotspot/share/prims/jni.cpp, line 615]
Event: 3691.507 Thread 0x000002128e4b9800 Exception <a 'sun/nio/fs/WindowsException'{0x00000000909cb2f0}> (0x00000000909cb2f0) thrown at [./src/hotspot/share/prims/jni.cpp, line 615]
Event: 3691.510 Thread 0x000002128e4ae800 Exception <a 'sun/nio/fs/WindowsException'{0x00000000908cc070}> (0x00000000908cc070) thrown at [./src/hotspot/share/prims/jni.cpp, line 615]
Event: 3691.516 Thread 0x000002128e4b9800 Exception <a 'sun/nio/fs/WindowsException'{0x00000000909d3588}> (0x00000000909d3588) thrown at [./src/hotspot/share/prims/jni.cpp, line 615]
Event: 3691.560 Thread 0x000002128e4b9800 Exception <a 'sun/nio/fs/WindowsException'{0x00000000909d9580}> (0x00000000909d9580) thrown at [./src/hotspot/share/prims/jni.cpp, line 615]
Event: 3691.577 Thread 0x000002128e4b9800 Exception <a 'sun/nio/fs/WindowsException'{0x00000000909e4bc8}> (0x00000000909e4bc8) thrown at [./src/hotspot/share/prims/jni.cpp, line 615]
Event: 3692.295 Thread 0x000002128e4ae000 Exception <a 'sun/nio/fs/WindowsException'{0x0000000092727608}> (0x0000000092727608) thrown at [./src/hotspot/share/prims/jni.cpp, line 615]
Event: 3692.296 Thread 0x000002128e4ae800 Exception <a 'sun/nio/fs/WindowsException'{0x00000000908dcd80}> (0x00000000908dcd80) thrown at [./src/hotspot/share/prims/jni.cpp, line 615]
Event: 3692.349 Thread 0x000002128e4ae800 Exception <a 'sun/nio/fs/WindowsException'{0x000000008f9c66a8}> (0x000000008f9c66a8) thrown at [./src/hotspot/share/prims/jni.cpp, line 615]
Event: 3692.372 Thread 0x000002128e4b9800 Exception <a 'sun/nio/fs/WindowsException'{0x0000000092838290}> (0x0000000092838290) thrown at [./src/hotspot/share/prims/jni.cpp, line 615]
Event: 3692.440 Thread 0x000002128e4b9800 Exception <a 'sun/nio/fs/WindowsException'{0x0000000092728118}> (0x0000000092728118) thrown at [./src/hotspot/share/prims/jni.cpp, line 615]
Event: 3692.505 Thread 0x000002128a0f1800 Exception <a 'sun/nio/fs/WindowsException'{0x0000000092229c60}> (0x0000000092229c60) thrown at [./src/hotspot/share/prims/jni.cpp, line 615]
Event: 3692.526 Thread 0x000002128a0f1800 Exception <a 'sun/nio/fs/WindowsException'{0x0000000091cedfe8}> (0x0000000091cedfe8) thrown at [./src/hotspot/share/prims/jni.cpp, line 615]
Event: 3692.541 Thread 0x000002128e4ae800 Exception <a 'sun/nio/fs/WindowsException'{0x0000000091b84a28}> (0x0000000091b84a28) thrown at [./src/hotspot/share/prims/jni.cpp, line 615]
Event: 3692.550 Thread 0x000002128e4b9800 Exception <a 'sun/nio/fs/WindowsException'{0x0000000092125f80}> (0x0000000092125f80) thrown at [./src/hotspot/share/prims/jni.cpp, line 615]
Event: 3692.589 Thread 0x000002128e4ae800 Exception <a 'sun/nio/fs/WindowsException'{0x00000000912820c8}> (0x00000000912820c8) thrown at [./src/hotspot/share/prims/jni.cpp, line 615]
Event: 3692.593 Thread 0x000002128a0f1800 Exception <a 'sun/nio/fs/WindowsException'{0x00000000913e9e90}> (0x00000000913e9e90) thrown at [./src/hotspot/share/prims/jni.cpp, line 615]
Event: 3692.597 Thread 0x000002128e4b9800 Exception <a 'sun/nio/fs/WindowsException'{0x00000000914822c8}> (0x00000000914822c8) thrown at [./src/hotspot/share/prims/jni.cpp, line 615]
Event: 3692.615 Thread 0x000002128e4ae800 Exception <a 'sun/nio/fs/WindowsException'{0x0000000091295618}> (0x0000000091295618) thrown at [./src/hotspot/share/prims/jni.cpp, line 615]
Event: 3692.625 Thread 0x000002128a0f1800 Exception <a 'sun/nio/fs/WindowsException'{0x00000000910d0a30}> (0x00000000910d0a30) thrown at [./src/hotspot/share/prims/jni.cpp, line 615]

Events (20 events):
Event: 3688.866 Executing VM operation: G1CollectForAllocation
Event: 3688.887 Executing VM operation: G1CollectForAllocation done
Event: 3689.522 Executing VM operation: G1CollectForAllocation
Event: 3689.600 Executing VM operation: G1CollectForAllocation done
Event: 3690.137 Executing VM operation: CGC_Operation
Event: 3690.193 Executing VM operation: CGC_Operation done
Event: 3690.492 Executing VM operation: CGC_Operation
Event: 3690.529 Executing VM operation: CGC_Operation done
Event: 3690.833 Executing VM operation: RevokeBias
Event: 3690.834 Executing VM operation: RevokeBias done
Event: 3692.224 Executing VM operation: RevokeBias
Event: 3692.224 Executing VM operation: RevokeBias done
Event: 3692.324 loading class com/android/tools/r8/internal/n8
Event: 3692.324 loading class com/android/tools/r8/internal/n8 done
Event: 3692.359 Executing VM operation: G1CollectForAllocation
Event: 3692.371 Executing VM operation: G1CollectForAllocation done
Event: 3692.411 Executing VM operation: G1CollectForAllocation
Event: 3692.431 Executing VM operation: G1CollectForAllocation done
Event: 3692.456 Thread 0x000002128a0f1800 Thread added: 0x000002128a0f1800
Event: 3692.630 Executing VM operation: G1CollectForAllocation


Dynamic libraries:
0x00007ff6db9b0000 - 0x00007ff6db9ba000 	C:\dev\idma\android\jre\bin\java.exe
0x00007ffe01e10000 - 0x00007ffe02005000 	C:\Windows\SYSTEM32\ntdll.dll
0x00007ffe000a0000 - 0x00007ffe0015d000 	C:\Windows\System32\KERNEL32.DLL
0x00007ffdff9e0000 - 0x00007ffdffca9000 	C:\Windows\System32\KERNELBASE.dll
0x00007ffdff540000 - 0x00007ffdff640000 	C:\Windows\System32\ucrtbase.dll
0x00007ffde2460000 - 0x00007ffde2479000 	C:\dev\idma\android\jre\bin\jli.dll
0x00007ffde0880000 - 0x00007ffde0897000 	C:\dev\idma\android\jre\bin\VCRUNTIME140.dll
0x00007ffe006c0000 - 0x00007ffe00860000 	C:\Windows\System32\USER32.dll
0x00007ffdffe40000 - 0x00007ffdffe62000 	C:\Windows\System32\win32u.dll
0x00007ffdf66a0000 - 0x00007ffdf693a000 	C:\Windows\WinSxS\amd64_microsoft.windows.common-controls_6595b64144ccf1df_6.0.19041.1110_none_60b5254171f9507e\COMCTL32.dll
0x00007ffdfffa0000 - 0x00007ffdfffca000 	C:\Windows\System32\GDI32.dll
0x00007ffe01c70000 - 0x00007ffe01d0e000 	C:\Windows\System32\msvcrt.dll
0x00007ffdff7e0000 - 0x00007ffdff8eb000 	C:\Windows\System32\gdi32full.dll
0x00007ffdff640000 - 0x00007ffdff6dd000 	C:\Windows\System32\msvcp_win.dll
0x00007ffe00c40000 - 0x00007ffe00c70000 	C:\Windows\System32\IMM32.DLL
0x00007ffdad0b0000 - 0x00007ffdad14d000 	C:\dev\idma\android\jre\bin\msvcp140.dll
0x00007ffdd7e70000 - 0x00007ffdd893f000 	C:\dev\idma\android\jre\bin\server\jvm.dll
0x00007ffe00460000 - 0x00007ffe0050c000 	C:\Windows\System32\ADVAPI32.dll
0x00007ffe001c0000 - 0x00007ffe0025b000 	C:\Windows\System32\sechost.dll
0x00007ffe00270000 - 0x00007ffe0039a000 	C:\Windows\System32\RPCRT4.dll
0x00007ffe00260000 - 0x00007ffe00268000 	C:\Windows\System32\PSAPI.DLL
0x00007ffdf7450000 - 0x00007ffdf745a000 	C:\Windows\SYSTEM32\VERSION.dll
0x00007ffdf7420000 - 0x00007ffdf7447000 	C:\Windows\SYSTEM32\WINMM.dll
0x00007ffdfc7e0000 - 0x00007ffdfc7e9000 	C:\Windows\SYSTEM32\WSOCK32.dll
0x00007ffe00bc0000 - 0x00007ffe00c2b000 	C:\Windows\System32\WS2_32.dll
0x00007ffdfde20000 - 0x00007ffdfde32000 	C:\Windows\SYSTEM32\kernel.appcore.dll
0x00007ffdfc6d0000 - 0x00007ffdfc6e1000 	C:\dev\idma\android\jre\bin\verify.dll
0x00007ffdfdae0000 - 0x00007ffdfdcc4000 	C:\Windows\SYSTEM32\DBGHELP.DLL
0x00007ffdebb30000 - 0x00007ffdebb5c000 	C:\Windows\SYSTEM32\dbgcore.DLL
0x00007ffdff8f0000 - 0x00007ffdff973000 	C:\Windows\System32\bcryptPrimitives.dll
0x00007ffdfc6a0000 - 0x00007ffdfc6c9000 	C:\dev\idma\android\jre\bin\java.dll
0x00007ffdfc7d0000 - 0x00007ffdfc7db000 	C:\dev\idma\android\jre\bin\jimage.dll
0x00007ffdf9690000 - 0x00007ffdf96a8000 	C:\dev\idma\android\jre\bin\zip.dll
0x00007ffe00f50000 - 0x00007ffe0168f000 	C:\Windows\System32\SHELL32.dll
0x00007ffdfd350000 - 0x00007ffdfdae0000 	C:\Windows\SYSTEM32\windows.storage.dll
0x00007ffe00860000 - 0x00007ffe00bb5000 	C:\Windows\System32\combase.dll
0x00007ffdfefa0000 - 0x00007ffdfefcc000 	C:\Windows\SYSTEM32\Wldp.dll
0x00007ffe01d10000 - 0x00007ffe01dbe000 	C:\Windows\System32\SHCORE.dll
0x00007ffe003a0000 - 0x00007ffe003f5000 	C:\Windows\System32\shlwapi.dll
0x00007ffdff480000 - 0x00007ffdff49f000 	C:\Windows\SYSTEM32\profapi.dll
0x00007ffdf3830000 - 0x00007ffdf384a000 	C:\dev\idma\android\jre\bin\net.dll
0x00007ffdf4b80000 - 0x00007ffdf4c88000 	C:\Windows\SYSTEM32\WINHTTP.dll
0x00007ffdfed00000 - 0x00007ffdfed6a000 	C:\Windows\system32\mswsock.dll
0x00007ffdf21e0000 - 0x00007ffdf21f4000 	C:\dev\idma\android\jre\bin\nio.dll
0x00007ffdd49b0000 - 0x00007ffdd49d7000 	C:\Users\admin\.gradle\native\8bec1ad78214c89d9ad589b4d07fe93259594b29d510b10fafb7a158f7737e5d\windows-amd64\native-platform.dll
0x00007ffdaa940000 - 0x00007ffdaaa7d000 	C:\Users\admin\.gradle\native\53dbd7edfb1c66fb8903c78663c9afc45aea4f116125fa6feffd364cf09443e8\windows-amd64\native-platform-file-events.dll
0x00007ffdf96b0000 - 0x00007ffdf96ba000 	C:\dev\idma\android\jre\bin\management.dll
0x00007ffdf9640000 - 0x00007ffdf964c000 	C:\dev\idma\android\jre\bin\management_ext.dll
0x00007ffdfeef0000 - 0x00007ffdfef08000 	C:\Windows\SYSTEM32\CRYPTSP.dll
0x00007ffdfe610000 - 0x00007ffdfe644000 	C:\Windows\system32\rsaenh.dll
0x00007ffdffe10000 - 0x00007ffdffe37000 	C:\Windows\System32\bcrypt.dll
0x00007ffdff440000 - 0x00007ffdff46e000 	C:\Windows\SYSTEM32\USERENV.dll
0x00007ffdfef10000 - 0x00007ffdfef1c000 	C:\Windows\SYSTEM32\CRYPTBASE.dll
0x00007ffdfe9a0000 - 0x00007ffdfe9db000 	C:\Windows\SYSTEM32\IPHLPAPI.DLL
0x00007ffe01dc0000 - 0x00007ffe01dc8000 	C:\Windows\System32\NSI.dll
0x00007ffdf6d80000 - 0x00007ffdf6d97000 	C:\Windows\SYSTEM32\dhcpcsvc6.DLL
0x00007ffdf7c40000 - 0x00007ffdf7c5d000 	C:\Windows\SYSTEM32\dhcpcsvc.DLL
0x00007ffdfe9f0000 - 0x00007ffdfeabc000 	C:\Windows\SYSTEM32\DNSAPI.dll
0x00007ffde7ac0000 - 0x00007ffde7ade000 	C:\Users\admin\AppData\Local\Temp\native-platform3302780960878813501dir\native-platform.dll
0x00007ffdfc770000 - 0x00007ffdfc778000 	C:\dev\idma\android\jre\bin\rmi.dll
0x00007ffdfe240000 - 0x00007ffdfe273000 	C:\Windows\SYSTEM32\ntmarta.dll
0x00007ffdf1f00000 - 0x00007ffdf1f27000 	C:\dev\idma\android\jre\bin\sunec.dll

dbghelp: loaded successfully - version: 4.0.5 - missing functions: none
symbol engine: initialized successfully - sym options: 0x614 - pdb path: .;C:\dev\idma\android\jre\bin;C:\Windows\SYSTEM32;C:\Windows\WinSxS\amd64_microsoft.windows.common-controls_6595b64144ccf1df_6.0.19041.1110_none_60b5254171f9507e;C:\dev\idma\android\jre\bin\server;C:\Users\admin\.gradle\native\8bec1ad78214c89d9ad589b4d07fe93259594b29d510b10fafb7a158f7737e5d\windows-amd64;C:\Users\admin\.gradle\native\53dbd7edfb1c66fb8903c78663c9afc45aea4f116125fa6feffd364cf09443e8\windows-amd64;C:\Users\admin\AppData\Local\Temp\native-platform3302780960878813501dir

VM Arguments:
jvm_args: --add-opens=java.base/java.util=ALL-UNNAMED --add-opens=java.base/java.lang=ALL-UNNAMED --add-opens=java.base/java.lang.invoke=ALL-UNNAMED --add-opens=java.base/java.util=ALL-UNNAMED --add-opens=java.prefs/java.util.prefs=ALL-UNNAMED --add-opens=java.prefs/java.util.prefs=ALL-UNNAMED --add-opens=java.base/java.nio.charset=ALL-UNNAMED --add-opens=java.base/java.net=ALL-UNNAMED --add-opens=java.base/java.util.concurrent.atomic=ALL-UNNAMED -Xmx2048m -Dfile.encoding=UTF-8 -Duser.country=US -Duser.language=en -Duser.variant 
java_command: org.gradle.launcher.daemon.bootstrap.GradleDaemon 7.0.2
java_class_path (initial): C:\Users\admin\.gradle\wrapper\dists\gradle-7.0.2-bin\857tjihv64xamwrf0h14cai3r\gradle-7.0.2\lib\gradle-launcher-7.0.2.jar
Launcher Type: SUN_STANDARD

[Global flags]
     intx CICompilerCount                          = 3                                         {product} {ergonomic}
     uint ConcGCThreads                            = 1                                         {product} {ergonomic}
     uint G1ConcRefinementThreads                  = 4                                         {product} {ergonomic}
   size_t G1HeapRegionSize                         = 1048576                                   {product} {ergonomic}
    uintx GCDrainStackTargetSize                   = 64                                        {product} {ergonomic}
   size_t InitialHeapSize                          = 100663296                                 {product} {ergonomic}
   size_t MarkStackSize                            = 4194304                                   {product} {ergonomic}
   size_t MaxHeapSize                              = 2147483648                                {product} {command line}
   size_t MaxNewSize                               = 1287651328                                {product} {ergonomic}
   size_t MinHeapDeltaBytes                        = 1048576                                   {product} {ergonomic}
    uintx NonNMethodCodeHeapSize                   = 5830732                                {pd product} {ergonomic}
    uintx NonProfiledCodeHeapSize                  = 122913754                              {pd product} {ergonomic}
    uintx ProfiledCodeHeapSize                     = 122913754                              {pd product} {ergonomic}
    uintx ReservedCodeCacheSize                    = 251658240                              {pd product} {ergonomic}
     bool SegmentedCodeCache                       = true                                      {product} {ergonomic}
     bool UseCompressedClassPointers               = true                                 {lp64_product} {ergonomic}
     bool UseCompressedOops                        = true                                 {lp64_product} {ergonomic}
     bool UseG1GC                                  = true                                      {product} {ergonomic}
     bool UseLargePagesIndividualAllocation        = false                                  {pd product} {ergonomic}

Logging:
Log output configuration:
 #0: stdout all=warning uptime,level,tags
 #1: stderr all=off uptime,level,tags

Environment Variables:
JAVA_HOME=C:\Program Files\Java\jdk-16.0.1
PATH=C:\Program Files (x86)\NVIDIA Corporation\PhysX\Common;C:\Program Files (x86)\Intel\iCLS Client\;C:\Program Files\Intel\iCLS Client\;C:\Windows\system32;C:\Windows;C:\Windows\System32\Wbem;C:\Windows\System32\WindowsPowerShell\v1.0\;C:\Windows\System32\OpenSSH\;C:\Program Files\Intel\Intel(R) Management Engine Components\DAL;C:\Program Files\Intel\Intel(R) Management Engine Components\IPT;C:\Program Files (x86)\Intel\Intel(R) Management Engine Components\DAL;C:\Program Files (x86)\Intel\Intel(R) Management Engine Components\IPT;C:\Program Files (x86)\Intel\OpenCL SDK\3.0\bin\x86;C:\Program Files (x86)\Intel\OpenCL SDK\3.0\bin\x64;C:\Program Files\Git\cmd;C:\Users\admin\AppData\Local\Microsoft\WindowsApps
USERNAME=admin
OS=Windows_NT
PROCESSOR_IDENTIFIER=Intel64 Family 6 Model 69 Stepping 1, GenuineIntel



---------------  S Y S T E M  ---------------

OS: Windows 10 , 64 bit Build 19041 (10.0.19041.1151)
OS uptime: 0 days 3:03 hours

CPU:total 4 (initial active 4) (2 cores per cpu, 2 threads per core) family 6 model 69 stepping 1 microcode 0x26, cmov, cx8, fxsr, mmx, sse, sse2, sse3, ssse3, sse4.1, sse4.2, popcnt, avx, avx2, aes, clmul, erms, lzcnt, ht, tsc, tscinvbit, bmi1, bmi2, fma

Memory: 4k page, system-wide physical 6027M (344M free)
TotalPageFile size 11027M (AvailPageFile size 2M)
current process WorkingSet (physical memory assigned to process): 603M, peak: 671M
current process commit charge ("private bytes"): 1160M, peak: 1161M

vm_info: OpenJDK 64-Bit Server VM (11.0.10+0-b96-7249189) for windows-amd64 JRE (11.0.10+0-b96-7249189), built on Mar 31 2021 21:44:00 by "builder" with MS VC++ 14.0 (VS2015)

END.
